#
# There is insufficient memory for the Java Runtime Environment to continue.
# Native memory allocation (mmap) failed to map 65536 bytes for Failed to commit metaspace.
# Possible reasons:
#   The system is out of physical RAM or swap space
#   The process is running with CompressedOops enabled, and the Java Heap may be blocking the growth of the native heap
# Possible solutions:
#   Reduce memory load on the system
#   Increase physical memory or swap space
#   Check if swap backing store is full
#   Decrease Java heap size (-Xmx/-Xms)
#   Decrease number of Java threads
#   Decrease Java thread stack sizes (-Xss)
#   Set larger code cache with -XX:ReservedCodeCacheSize=
#   JVM is running with Unscaled Compressed Oops mode in which the Java heap is
#     placed in the first 4GB address space. The Java Heap base address is the
#     maximum limit for the native heap growth. Please use -XX:HeapBaseMinAddress
#     to set the Java Heap base and to place the Java Heap above 4GB virtual address.
# This output file may be truncated or incomplete.
#
#  Out of Memory Error (virtualSpaceNode.cpp:110), pid=16448, tid=16452
#
# JRE version: OpenJDK Runtime Environment (17.0.6) (build 17.0.6+0-b2043.56-10027231)
# Java VM: OpenJDK 64-Bit Server VM (17.0.6+0-b2043.56-10027231, mixed mode, tiered, compressed oops, compressed class ptrs, g1 gc, windows-amd64)
# No core dump will be written. Minidumps are not enabled by default on client versions of Windows
#

---------------  S U M M A R Y ------------

Command Line: --add-opens=java.base/java.util=ALL-UNNAMED --add-opens=java.base/java.lang=ALL-UNNAMED --add-opens=java.base/java.lang.invoke=ALL-UNNAMED --add-opens=java.base/java.util=ALL-UNNAMED --add-opens=java.prefs/java.util.prefs=ALL-UNNAMED --add-opens=java.prefs/java.util.prefs=ALL-UNNAMED --add-opens=java.base/java.nio.charset=ALL-UNNAMED --add-opens=java.base/java.net=ALL-UNNAMED --add-opens=java.base/java.util.concurrent.atomic=ALL-UNNAMED -Xmx1536M -Dfile.encoding=windows-1252 -Duser.country=US -Duser.language=en -Duser.variant org.gradle.launcher.daemon.bootstrap.GradleDaemon 7.5

Host: Intel(R) Core(TM) i5-6300U CPU @ 2.40GHz, 4 cores, 7G,  Windows 10 , 64 bit Build 19041 (10.0.19041.1202)
Time: Thu Nov 16 13:52:15 2023 Bangladesh Standard Time elapsed time: 418.300061 seconds (0d 0h 6m 58s)

---------------  T H R E A D  ---------------

Current thread (0x000001da3cc1e020):  JavaThread "C1 CompilerThread0" daemon [_thread_in_vm, id=16452, stack(0x000000cbb3800000,0x000000cbb3900000)]


Current CompileTask:
C1: 418300 5674       3       org.gradle.api.internal.artifacts.ivyservice.ivyresolve.ComponentMetaDataResolveState::resolve (93 bytes)

Stack: [0x000000cbb3800000,0x000000cbb3900000]
Native frames: (J=compiled Java code, j=interpreted, Vv=VM code, C=native code)
V  [jvm.dll+0x683c9a]
V  [jvm.dll+0x8427a4]
V  [jvm.dll+0x843f9e]
V  [jvm.dll+0x844603]
V  [jvm.dll+0x249b75]
V  [jvm.dll+0x83e7fb]
V  [jvm.dll+0x628006]
V  [jvm.dll+0x1c194e]
V  [jvm.dll+0x62a941]
V  [jvm.dll+0x6289a6]
V  [jvm.dll+0x639bfa]
V  [jvm.dll+0x632a0a]
V  [jvm.dll+0x1cdb00]
V  [jvm.dll+0x1cdcf0]
V  [jvm.dll+0x147f01]
V  [jvm.dll+0x147d45]
V  [jvm.dll+0x13f58e]
V  [jvm.dll+0x141b45]
V  [jvm.dll+0x13fe24]
V  [jvm.dll+0x139d9f]
V  [jvm.dll+0x1499a6]
V  [jvm.dll+0x135490]
V  [jvm.dll+0x1357f0]
V  [jvm.dll+0x135ab6]
V  [jvm.dll+0x134f4a]
V  [jvm.dll+0x136c11]
V  [jvm.dll+0x22b098]
V  [jvm.dll+0x229159]
V  [jvm.dll+0x7f81ec]
V  [jvm.dll+0x7f274a]
V  [jvm.dll+0x682ad5]
C  [ucrtbase.dll+0x21bb2]
C  [KERNEL32.DLL+0x17034]
C  [ntdll.dll+0x52651]


---------------  P R O C E S S  ---------------

Threads class SMR info:
_java_thread_list=0x000001da40cac750, length=40, elements={
0x000001da23fdb630, 0x000001da3c2957a0, 0x000001da3c29a5b0, 0x000001da3c2b5180,
0x000001da3c2b6db0, 0x000001da3c2b9680, 0x000001da3c2b9f40, 0x000001da3c2bab30,
0x000001da3cc1e020, 0x000001da3cc743b0, 0x000001da3cd5c010, 0x000001da3cd53000,
0x000001da3d8785a0, 0x000001da3dcaa350, 0x000001da3de6ad90, 0x000001da3dbf1540,
0x000001da3de9aee0, 0x000001da3e3823e0, 0x000001da3d9b0df0, 0x000001da3e556a00,
0x000001da3e559080, 0x000001da3e557d40, 0x000001da3e558210, 0x000001da3e556060,
0x000001da3e556530, 0x000001da3e5586e0, 0x000001da3e559550, 0x000001da3e559a20,
0x000001da3e5573a0, 0x000001da3e556ed0, 0x000001da3e557870, 0x000001da40ae16e0,
0x000001da40ae63e0, 0x000001da40ae3890, 0x000001da40ae2080, 0x000001da40ae1bb0,
0x000001da40ae5570, 0x000001da40ae4700, 0x000001da40ae5a40, 0x000001da40ae03a0
}

Java Threads: ( => current thread )
  0x000001da23fdb630 JavaThread "main" [_thread_blocked, id=18100, stack(0x000000cbb2a00000,0x000000cbb2b00000)]
  0x000001da3c2957a0 JavaThread "Reference Handler" daemon [_thread_blocked, id=9396, stack(0x000000cbb3100000,0x000000cbb3200000)]
  0x000001da3c29a5b0 JavaThread "Finalizer" daemon [_thread_blocked, id=18312, stack(0x000000cbb3200000,0x000000cbb3300000)]
  0x000001da3c2b5180 JavaThread "Signal Dispatcher" daemon [_thread_blocked, id=5188, stack(0x000000cbb3300000,0x000000cbb3400000)]
  0x000001da3c2b6db0 JavaThread "Attach Listener" daemon [_thread_blocked, id=17724, stack(0x000000cbb3400000,0x000000cbb3500000)]
  0x000001da3c2b9680 JavaThread "Service Thread" daemon [_thread_blocked, id=8004, stack(0x000000cbb3500000,0x000000cbb3600000)]
  0x000001da3c2b9f40 JavaThread "Monitor Deflation Thread" daemon [_thread_blocked, id=976, stack(0x000000cbb3600000,0x000000cbb3700000)]
  0x000001da3c2bab30 JavaThread "C2 CompilerThread0" daemon [_thread_blocked, id=13368, stack(0x000000cbb3700000,0x000000cbb3800000)]
=>0x000001da3cc1e020 JavaThread "C1 CompilerThread0" daemon [_thread_in_vm, id=16452, stack(0x000000cbb3800000,0x000000cbb3900000)]
  0x000001da3cc743b0 JavaThread "Sweeper thread" daemon [_thread_blocked, id=16748, stack(0x000000cbb3900000,0x000000cbb3a00000)]
  0x000001da3cd5c010 JavaThread "Common-Cleaner" daemon [_thread_blocked, id=10804, stack(0x000000cbb3a00000,0x000000cbb3b00000)]
  0x000001da3cd53000 JavaThread "Notification Thread" daemon [_thread_blocked, id=17480, stack(0x000000cbb3b00000,0x000000cbb3c00000)]
  0x000001da3d8785a0 JavaThread "Daemon health stats" [_thread_blocked, id=8556, stack(0x000000cbb3f00000,0x000000cbb4000000)]
  0x000001da3dcaa350 JavaThread "Incoming local TCP Connector on port 58795" [_thread_in_native, id=17504, stack(0x000000cbb4100000,0x000000cbb4200000)]
  0x000001da3de6ad90 JavaThread "Daemon periodic checks" [_thread_blocked, id=9892, stack(0x000000cbb4200000,0x000000cbb4300000)]
  0x000001da3dbf1540 JavaThread "Daemon" [_thread_blocked, id=17896, stack(0x000000cbb4300000,0x000000cbb4400000)]
  0x000001da3de9aee0 JavaThread "Handler for socket connection from /127.0.0.1:58795 to /127.0.0.1:58812" [_thread_in_native, id=18024, stack(0x000000cbb4400000,0x000000cbb4500000)]
  0x000001da3e3823e0 JavaThread "Cancel handler" [_thread_blocked, id=10500, stack(0x000000cbb4500000,0x000000cbb4600000)]
  0x000001da3d9b0df0 JavaThread "Daemon worker" [_thread_blocked, id=17788, stack(0x000000cbb4600000,0x000000cbb4700000)]
  0x000001da3e556a00 JavaThread "Asynchronous log dispatcher for DefaultDaemonConnection: socket connection from /127.0.0.1:58795 to /127.0.0.1:58812" [_thread_blocked, id=18064, stack(0x000000cbb4700000,0x000000cbb4800000)]
  0x000001da3e559080 JavaThread "Stdin handler" [_thread_blocked, id=15660, stack(0x000000cbb4800000,0x000000cbb4900000)]
  0x000001da3e557d40 JavaThread "Daemon client event forwarder" [_thread_blocked, id=18236, stack(0x000000cbb4900000,0x000000cbb4a00000)]
  0x000001da3e558210 JavaThread "Cache worker for journal cache (C:\Users\T00029\.gradle\caches\journal-1)" [_thread_blocked, id=16852, stack(0x000000cbb4c00000,0x000000cbb4d00000)]
  0x000001da3e556060 JavaThread "File lock request listener" [_thread_in_native, id=16796, stack(0x000000cbb4d00000,0x000000cbb4e00000)]
  0x000001da3e556530 JavaThread "File lock release action executor" [_thread_blocked, id=16992, stack(0x000000cbb4e00000,0x000000cbb4f00000)]
  0x000001da3e5586e0 JavaThread "Cache worker for file hash cache (C:\Users\T00029\.gradle\caches\7.5\fileHashes)" [_thread_blocked, id=17136, stack(0x000000cbb4f00000,0x000000cbb5000000)]
  0x000001da3e559550 JavaThread "File watcher server" daemon [_thread_in_native, id=10640, stack(0x000000cbb2900000,0x000000cbb2a00000)]
  0x000001da3e559a20 JavaThread "File watcher consumer" daemon [_thread_blocked, id=18228, stack(0x000000cbb4000000,0x000000cbb4100000)]
  0x000001da3e5573a0 JavaThread "Cache worker for checksums cache (C:\Users\T00029\Documents\GitHub\Animation\android\.gradle\7.5\checksums)" [_thread_blocked, id=18260, stack(0x000000cbb5000000,0x000000cbb5100000)]
  0x000001da3e556ed0 JavaThread "Cache worker for cache directory md-rule (C:\Users\T00029\.gradle\caches\7.5\md-rule)" [_thread_blocked, id=18272, stack(0x000000cbb5100000,0x000000cbb5200000)]
  0x000001da3e557870 JavaThread "Cache worker for file content cache (C:\Users\T00029\.gradle\caches\7.5\fileContent)" [_thread_blocked, id=18040, stack(0x000000cbb5200000,0x000000cbb5300000)]
  0x000001da40ae16e0 JavaThread "Cache worker for file hash cache (C:\Users\T00029\Documents\GitHub\Animation\android\.gradle\7.5\fileHashes)" [_thread_blocked, id=18500, stack(0x000000cbb5300000,0x000000cbb5400000)]
  0x000001da40ae63e0 JavaThread "Cache worker for cache directory md-supplier (C:\Users\T00029\.gradle\caches\7.5\md-supplier)" [_thread_blocked, id=18528, stack(0x000000cbb5400000,0x000000cbb5500000)]
  0x000001da40ae3890 JavaThread "Cache worker for execution history cache (C:\Users\T00029\.gradle\caches\7.5\executionHistory)" [_thread_blocked, id=18612, stack(0x000000cbb5500000,0x000000cbb5600000)]
  0x000001da40ae2080 JavaThread "jar transforms" [_thread_blocked, id=17212, stack(0x000000cbb4a00000,0x000000cbb4b00000)]
  0x000001da40ae1bb0 JavaThread "jar transforms Thread 2" [_thread_blocked, id=17928, stack(0x000000cbb5700000,0x000000cbb5800000)]
  0x000001da40ae5570 JavaThread "jar transforms Thread 3" [_thread_blocked, id=19160, stack(0x000000cbb5800000,0x000000cbb5900000)]
  0x000001da40ae4700 JavaThread "jar transforms Thread 4" [_thread_blocked, id=13500, stack(0x000000cbb5900000,0x000000cbb5a00000)]
  0x000001da40ae5a40 JavaThread "Cache worker for dependencies-accessors (C:\Users\T00029\Documents\GitHub\Animation\android\.gradle\7.5\dependencies-accessors)" [_thread_blocked, id=15628, stack(0x000000cbb5a00000,0x000000cbb5b00000)]
  0x000001da40ae03a0 JavaThread "Cache worker for Build Output Cleanup Cache (C:\Users\T00029\Documents\GitHub\Animation\android\.gradle\buildOutputCleanup)" [_thread_blocked, id=1052, stack(0x000000cbb4b00000,0x000000cbb4c00000)]

Other Threads:
  0x000001da3c281af0 VMThread "VM Thread" [stack: 0x000000cbb3000000,0x000000cbb3100000] [id=15480]
  0x000001da3cd534d0 WatcherThread [stack: 0x000000cbb3c00000,0x000000cbb3d00000] [id=16508]
  0x000001da24027f60 GCTaskThread "GC Thread#0" [stack: 0x000000cbb2b00000,0x000000cbb2c00000] [id=12268]
  0x000001da3d271020 GCTaskThread "GC Thread#1" [stack: 0x000000cbb3d00000,0x000000cbb3e00000] [id=16476]
  0x000001da3d2712d0 GCTaskThread "GC Thread#2" [stack: 0x000000cbb3e00000,0x000000cbb3f00000] [id=11700]
  0x000001da3cffeac0 GCTaskThread "GC Thread#3" [stack: 0x000000cbb2800000,0x000000cbb2900000] [id=15056]
  0x000001da24034db0 ConcurrentGCThread "G1 Main Marker" [stack: 0x000000cbb2c00000,0x000000cbb2d00000] [id=7384]
  0x000001da240356d0 ConcurrentGCThread "G1 Conc#0" [stack: 0x000000cbb2d00000,0x000000cbb2e00000] [id=7876]
  0x000001da240ace70 ConcurrentGCThread "G1 Refine#0" [stack: 0x000000cbb2e00000,0x000000cbb2f00000] [id=12312]
  0x000001da411b7c90 ConcurrentGCThread "G1 Refine#1" [stack: 0x000000cbb5600000,0x000000cbb5700000] [id=19172]
  0x000001da240ad7a0 ConcurrentGCThread "G1 Service" [stack: 0x000000cbb2f00000,0x000000cbb3000000] [id=16404]

Threads with active compile tasks:
C1 CompilerThread0   418446 5674       3       org.gradle.api.internal.artifacts.ivyservice.ivyresolve.ComponentMetaDataResolveState::resolve (93 bytes)

VM state: not at safepoint (normal execution)

VM Mutex/Monitor currently owned by a thread:  ([mutex/lock_event])
[0x000001da23fd88c0] Metaspace_lock - owner thread: 0x000001da3cc1e020
[0x000001da23fd7ea0] MethodData_lock - owner thread: 0x000001da3cc1e020

Heap address: 0x00000000a0000000, size: 1536 MB, Compressed Oops mode: 32-bit

CDS archive(s) not mapped
Compressed class space mapped at: 0x0000000100000000-0x0000000140000000, reserved size: 1073741824
Narrow klass base: 0x0000000000000000, Narrow klass shift: 3, Narrow klass range: 0x140000000

GC Precious Log:
 CPUs: 4 total, 4 available
 Memory: 8047M
 Large Page Support: Disabled
 NUMA Support: Disabled
 Compressed Oops: Enabled (32-bit)
 Heap Region Size: 1M
 Heap Min Capacity: 8M
 Heap Initial Capacity: 126M
 Heap Max Capacity: 1536M
 Pre-touch: Disabled
 Parallel Workers: 4
 Concurrent Workers: 1
 Concurrent Refinement Workers: 4
 Periodic GC: Disabled

Heap:
 garbage-first heap   total 65536K, used 40495K [0x00000000a0000000, 0x0000000100000000)
  region size 1024K, 11 young (11264K), 3 survivors (3072K)
 Metaspace       used 49913K, committed 50304K, reserved 1097728K
  class space    used 6525K, committed 6720K, reserved 1048576K

Heap Regions: E=young(eden), S=young(survivor), O=old, HS=humongous(starts), HC=humongous(continues), CS=collection set, F=free, OA=open archive, CA=closed archive, TAMS=top-at-mark-start (previous, next)
|   0|0x00000000a0000000, 0x00000000a0100000, 0x00000000a0100000|100%|HS|  |TAMS 0x00000000a0100000, 0x00000000a0000000| Complete 
|   1|0x00000000a0100000, 0x00000000a0200000, 0x00000000a0200000|100%|HC|  |TAMS 0x00000000a0200000, 0x00000000a0100000| Complete 
|   2|0x00000000a0200000, 0x00000000a0300000, 0x00000000a0300000|100%|HC|  |TAMS 0x00000000a0300000, 0x00000000a0200000| Complete 
|   3|0x00000000a0300000, 0x00000000a0400000, 0x00000000a0400000|100%| O|  |TAMS 0x00000000a0400000, 0x00000000a0300000| Untracked 
|   4|0x00000000a0400000, 0x00000000a0500000, 0x00000000a0500000|100%| O|  |TAMS 0x00000000a0500000, 0x00000000a0400000| Untracked 
|   5|0x00000000a0500000, 0x00000000a0600000, 0x00000000a0600000|100%| O|  |TAMS 0x00000000a0600000, 0x00000000a0500000| Untracked 
|   6|0x00000000a0600000, 0x00000000a0700000, 0x00000000a0700000|100%| O|  |TAMS 0x00000000a0700000, 0x00000000a0600000| Untracked 
|   7|0x00000000a0700000, 0x00000000a0800000, 0x00000000a0800000|100%| O|  |TAMS 0x00000000a0800000, 0x00000000a0700000| Untracked 
|   8|0x00000000a0800000, 0x00000000a0900000, 0x00000000a0900000|100%| O|  |TAMS 0x00000000a0900000, 0x00000000a0800000| Untracked 
|   9|0x00000000a0900000, 0x00000000a0934800, 0x00000000a0a00000| 20%| O|  |TAMS 0x00000000a0934800, 0x00000000a0900000| Untracked 
|  10|0x00000000a0a00000, 0x00000000a0b00000, 0x00000000a0b00000|100%| O|  |TAMS 0x00000000a0b00000, 0x00000000a0a00000| Untracked 
|  11|0x00000000a0b00000, 0x00000000a0c00000, 0x00000000a0c00000|100%| O|  |TAMS 0x00000000a0c00000, 0x00000000a0b00000| Untracked 
|  12|0x00000000a0c00000, 0x00000000a0d00000, 0x00000000a0d00000|100%| O|  |TAMS 0x00000000a0d00000, 0x00000000a0c00000| Untracked 
|  13|0x00000000a0d00000, 0x00000000a0e00000, 0x00000000a0e00000|100%| O|  |TAMS 0x00000000a0e00000, 0x00000000a0d00000| Untracked 
|  14|0x00000000a0e00000, 0x00000000a0f00000, 0x00000000a0f00000|100%| O|  |TAMS 0x00000000a0f00000, 0x00000000a0e00000| Untracked 
|  15|0x00000000a0f00000, 0x00000000a1000000, 0x00000000a1000000|100%| O|  |TAMS 0x00000000a1000000, 0x00000000a0f00000| Untracked 
|  16|0x00000000a1000000, 0x00000000a1100000, 0x00000000a1100000|100%| O|  |TAMS 0x00000000a1100000, 0x00000000a1000000| Untracked 
|  17|0x00000000a1100000, 0x00000000a1200000, 0x00000000a1200000|100%| O|  |TAMS 0x00000000a1200000, 0x00000000a1100000| Untracked 
|  18|0x00000000a1200000, 0x00000000a1300000, 0x00000000a1300000|100%| O|  |TAMS 0x00000000a1300000, 0x00000000a1200000| Untracked 
|  19|0x00000000a1300000, 0x00000000a1400000, 0x00000000a1400000|100%| O|  |TAMS 0x00000000a1400000, 0x00000000a1300000| Untracked 
|  20|0x00000000a1400000, 0x00000000a1500000, 0x00000000a1500000|100%| O|  |TAMS 0x00000000a1500000, 0x00000000a1400000| Untracked 
|  21|0x00000000a1500000, 0x00000000a1600000, 0x00000000a1600000|100%| O|  |TAMS 0x00000000a1600000, 0x00000000a1500000| Untracked 
|  22|0x00000000a1600000, 0x00000000a1700000, 0x00000000a1700000|100%| O|  |TAMS 0x00000000a1700000, 0x00000000a1600000| Untracked 
|  23|0x00000000a1700000, 0x00000000a1800000, 0x00000000a1800000|100%| O|  |TAMS 0x00000000a1800000, 0x00000000a1700000| Untracked 
|  24|0x00000000a1800000, 0x00000000a1900000, 0x00000000a1900000|100%| O|  |TAMS 0x00000000a1900000, 0x00000000a1800000| Untracked 
|  25|0x00000000a1900000, 0x00000000a1a00000, 0x00000000a1a00000|100%| O|  |TAMS 0x00000000a1a00000, 0x00000000a1900000| Untracked 
|  26|0x00000000a1a00000, 0x00000000a1b00000, 0x00000000a1b00000|100%| O|  |TAMS 0x00000000a1b00000, 0x00000000a1a00000| Untracked 
|  27|0x00000000a1b00000, 0x00000000a1c00000, 0x00000000a1c00000|100%| O|  |TAMS 0x00000000a1c00000, 0x00000000a1b00000| Untracked 
|  28|0x00000000a1c00000, 0x00000000a1d00000, 0x00000000a1d00000|100%| O|  |TAMS 0x00000000a1d00000, 0x00000000a1c00000| Untracked 
|  29|0x00000000a1d00000, 0x00000000a1e00000, 0x00000000a1e00000|100%| O|  |TAMS 0x00000000a1e00000, 0x00000000a1d00000| Untracked 
|  30|0x00000000a1e00000, 0x00000000a1ecb400, 0x00000000a1f00000| 79%| O|  |TAMS 0x00000000a1ecb400, 0x00000000a1e00000| Untracked 
|  31|0x00000000a1f00000, 0x00000000a1f00000, 0x00000000a2000000|  0%| F|  |TAMS 0x00000000a1f00000, 0x00000000a1f00000| Untracked 
|  32|0x00000000a2000000, 0x00000000a2000000, 0x00000000a2100000|  0%| F|  |TAMS 0x00000000a2000000, 0x00000000a2000000| Untracked 
|  33|0x00000000a2100000, 0x00000000a2100000, 0x00000000a2200000|  0%| F|  |TAMS 0x00000000a2100000, 0x00000000a2100000| Untracked 
|  34|0x00000000a2200000, 0x00000000a2200000, 0x00000000a2300000|  0%| F|  |TAMS 0x00000000a2200000, 0x00000000a2200000| Untracked 
|  35|0x00000000a2300000, 0x00000000a2300000, 0x00000000a2400000|  0%| F|  |TAMS 0x00000000a2300000, 0x00000000a2300000| Untracked 
|  36|0x00000000a2400000, 0x00000000a2400000, 0x00000000a2500000|  0%| F|  |TAMS 0x00000000a2400000, 0x00000000a2400000| Untracked 
|  37|0x00000000a2500000, 0x00000000a2500000, 0x00000000a2600000|  0%| F|  |TAMS 0x00000000a2500000, 0x00000000a2500000| Untracked 
|  38|0x00000000a2600000, 0x00000000a2600000, 0x00000000a2700000|  0%| F|  |TAMS 0x00000000a2600000, 0x00000000a2600000| Untracked 
|  39|0x00000000a2700000, 0x00000000a2700000, 0x00000000a2800000|  0%| F|  |TAMS 0x00000000a2700000, 0x00000000a2700000| Untracked 
|  40|0x00000000a2800000, 0x00000000a2800000, 0x00000000a2900000|  0%| F|  |TAMS 0x00000000a2800000, 0x00000000a2800000| Untracked 
|  41|0x00000000a2900000, 0x00000000a298c180, 0x00000000a2a00000| 54%| S|CS|TAMS 0x00000000a2900000, 0x00000000a2900000| Complete 
|  42|0x00000000a2a00000, 0x00000000a2b00000, 0x00000000a2b00000|100%| S|CS|TAMS 0x00000000a2a00000, 0x00000000a2a00000| Complete 
|  43|0x00000000a2b00000, 0x00000000a2b00000, 0x00000000a2c00000|  0%| F|  |TAMS 0x00000000a2b00000, 0x00000000a2b00000| Untracked 
|  44|0x00000000a2c00000, 0x00000000a2d00000, 0x00000000a2d00000|100%| S|CS|TAMS 0x00000000a2c00000, 0x00000000a2c00000| Complete 
|  45|0x00000000a2d00000, 0x00000000a2d00000, 0x00000000a2e00000|  0%| F|  |TAMS 0x00000000a2d00000, 0x00000000a2d00000| Untracked 
|  46|0x00000000a2e00000, 0x00000000a2e00000, 0x00000000a2f00000|  0%| F|  |TAMS 0x00000000a2e00000, 0x00000000a2e00000| Untracked 
|  47|0x00000000a2f00000, 0x00000000a2f00000, 0x00000000a3000000|  0%| F|  |TAMS 0x00000000a2f00000, 0x00000000a2f00000| Untracked 
|  48|0x00000000a3000000, 0x00000000a3000000, 0x00000000a3100000|  0%| F|  |TAMS 0x00000000a3000000, 0x00000000a3000000| Untracked 
|  49|0x00000000a3100000, 0x00000000a3100000, 0x00000000a3200000|  0%| F|  |TAMS 0x00000000a3100000, 0x00000000a3100000| Untracked 
|  50|0x00000000a3200000, 0x00000000a3200000, 0x00000000a3300000|  0%| F|  |TAMS 0x00000000a3200000, 0x00000000a3200000| Untracked 
|  51|0x00000000a3300000, 0x00000000a3300000, 0x00000000a3400000|  0%| F|  |TAMS 0x00000000a3300000, 0x00000000a3300000| Untracked 
|  52|0x00000000a3400000, 0x00000000a3400000, 0x00000000a3500000|  0%| F|  |TAMS 0x00000000a3400000, 0x00000000a3400000| Untracked 
|  53|0x00000000a3500000, 0x00000000a3500000, 0x00000000a3600000|  0%| F|  |TAMS 0x00000000a3500000, 0x00000000a3500000| Untracked 
|  54|0x00000000a3600000, 0x00000000a3600000, 0x00000000a3700000|  0%| F|  |TAMS 0x00000000a3600000, 0x00000000a3600000| Untracked 
|  70|0x00000000a4600000, 0x00000000a4600000, 0x00000000a4700000|  0%| F|  |TAMS 0x00000000a4600000, 0x00000000a4600000| Untracked 
|  71|0x00000000a4700000, 0x00000000a475b340, 0x00000000a4800000| 35%| E|  |TAMS 0x00000000a4700000, 0x00000000a4700000| Complete 
|  72|0x00000000a4800000, 0x00000000a4900000, 0x00000000a4900000|100%| E|CS|TAMS 0x00000000a4800000, 0x00000000a4800000| Complete 
|  73|0x00000000a4900000, 0x00000000a4a00000, 0x00000000a4a00000|100%| E|CS|TAMS 0x00000000a4900000, 0x00000000a4900000| Complete 
|  74|0x00000000a4a00000, 0x00000000a4b00000, 0x00000000a4b00000|100%| E|CS|TAMS 0x00000000a4a00000, 0x00000000a4a00000| Complete 
|  75|0x00000000a4b00000, 0x00000000a4c00000, 0x00000000a4c00000|100%| E|CS|TAMS 0x00000000a4b00000, 0x00000000a4b00000| Complete 
|  76|0x00000000a4c00000, 0x00000000a4d00000, 0x00000000a4d00000|100%| E|CS|TAMS 0x00000000a4c00000, 0x00000000a4c00000| Complete 
|  77|0x00000000a4d00000, 0x00000000a4e00000, 0x00000000a4e00000|100%| E|CS|TAMS 0x00000000a4d00000, 0x00000000a4d00000| Complete 
| 125|0x00000000a7d00000, 0x00000000a7e00000, 0x00000000a7e00000|100%| E|CS|TAMS 0x00000000a7d00000, 0x00000000a7d00000| Complete 

Card table byte_map: [0x000001da367b0000,0x000001da36ab0000] _byte_map_base: 0x000001da362b0000

Marking Bits (Prev, Next): (CMBitMap*) 0x000001da24028480, (CMBitMap*) 0x000001da240284c0
 Prev Bits: [0x000001da36db0000, 0x000001da385b0000)
 Next Bits: [0x000001da385b0000, 0x000001da39db0000)

Polling page: 0x000001da237b0000

Metaspace:

Usage:
  Non-class:     42.37 MB used.
      Class:      6.37 MB used.
       Both:     48.74 MB used.

Virtual space:
  Non-class space:       48.00 MB reserved,      42.56 MB ( 89%) committed,  6 nodes.
      Class space:        1.00 GB reserved,       6.56 MB ( <1%) committed,  1 nodes.
             Both:        1.05 GB reserved,      49.12 MB (  5%) committed. 

Chunk freelists:
   Non-Class:  496.00 KB
       Class:  1.26 MB
        Both:  1.75 MB

MaxMetaspaceSize: unlimited
CompressedClassSpaceSize: 1.00 GB
Initial GC threshold: 21.00 MB
Current GC threshold: 81.81 MB
CDS: off
MetaspaceReclaimPolicy: balanced
 - commit_granule_bytes: 65536.
 - commit_granule_words: 8192.
 - virtual_space_node_default_size: 1048576.
 - enlarge_chunks_in_place: 1.
 - new_chunks_are_fully_committed: 0.
 - uncommit_free_chunks: 1.
 - use_allocation_guard: 0.
 - handle_deallocations: 1.


Internal statistics:

num_allocs_failed_limit: 9.
num_arena_births: 398.
num_arena_deaths: 0.
num_vsnodes_births: 7.
num_vsnodes_deaths: 0.
num_space_committed: 786.
num_space_uncommitted: 0.
num_chunks_returned_to_freelist: 9.
num_chunks_taken_from_freelist: 1917.
num_chunk_merges: 3.
num_chunk_splits: 1280.
num_chunks_enlarged: 907.
num_purges: 0.
num_inconsistent_stats: 0.

CodeHeap 'non-profiled nmethods': size=120000Kb used=2459Kb max_used=3089Kb free=117540Kb
 bounds [0x000001da2ef80000, 0x000001da2f290000, 0x000001da364b0000]
CodeHeap 'profiled nmethods': size=120000Kb used=9027Kb max_used=10020Kb free=110972Kb
 bounds [0x000001da274b0000, 0x000001da27e80000, 0x000001da2e9e0000]
CodeHeap 'non-nmethods': size=5760Kb used=2304Kb max_used=2349Kb free=3456Kb
 bounds [0x000001da2e9e0000, 0x000001da2ec50000, 0x000001da2ef80000]
 total_blobs=5689 nmethods=4868 adapters=732
 compilation: enabled
              stopped_count=0, restarted_count=0
 full_count=0

Compilation events (20 events):
Event: 416.802 Thread 0x000001da3cc1e020 nmethod 5665 0x000001da27bf8990 code [0x000001da27bf8b40, 0x000001da27bf8cd8]
Event: 416.802 Thread 0x000001da3cc1e020 5662       3       org.gradle.internal.io.StreamByteBuffer$StreamByteBufferInputStream::read (8 bytes)
Event: 416.802 Thread 0x000001da3cc1e020 nmethod 5662 0x000001da27b0b510 code [0x000001da27b0b6c0, 0x000001da27b0b808]
Event: 416.802 Thread 0x000001da3cc1e020 5666       1       org.gradle.api.internal.artifacts.ivyservice.resolveengine.graph.builder.SelectorState::isFromLock (5 bytes)
Event: 416.803 Thread 0x000001da3cc1e020 nmethod 5666 0x000001da2ef9f090 code [0x000001da2ef9f220, 0x000001da2ef9f2f8]
Event: 416.969 Thread 0x000001da3cc1e020 5667   !   3       org.gradle.cache.internal.DefaultFileLockManager$AwaitableFileLockReleasedSignal::trigger (50 bytes)
Event: 416.972 Thread 0x000001da3cc1e020 nmethod 5667 0x000001da27507410 code [0x000001da27507620, 0x000001da27507cd8]
Event: 418.186 Thread 0x000001da3c2bab30 5668       4       com.esotericsoftware.kryo.io.Output::writeString (125 bytes)
Event: 418.199 Thread 0x000001da3c2bab30 nmethod 5668 0x000001da2efb1690 code [0x000001da2efb1840, 0x000001da2efb1b58]
Event: 418.240 Thread 0x000001da3cc1e020 5669       3       org.gradle.api.internal.artifacts.ivyservice.resolveengine.graph.builder.NodeState::isExcluded (95 bytes)
Event: 418.251 Thread 0x000001da3cc1e020 nmethod 5669 0x000001da27ab8e90 code [0x000001da27ab9100, 0x000001da27ab9e18]
Event: 418.251 Thread 0x000001da3cc1e020 5670       3       java.lang.invoke.LambdaForm$DMH/0x0000000100254800::newInvokeSpecial (28 bytes)
Event: 418.252 Thread 0x000001da3cc1e020 nmethod 5670 0x000001da27675f90 code [0x000001da27676180, 0x000001da27676748]
Event: 418.252 Thread 0x000001da3cc1e020 5671   !   3       org.gradle.api.internal.artifacts.ivyservice.DefaultArtifactCaches$LateInitWritableArtifactCacheLockingManager::getDelegate (52 bytes)
Event: 418.255 Thread 0x000001da3cc1e020 nmethod 5671 0x000001da27506c10 code [0x000001da27506dc0, 0x000001da27507248]
Event: 418.255 Thread 0x000001da3cc1e020 5672       3       org.gradle.api.internal.artifacts.ivyservice.modulecache.DefaultCachedMetadata::<init> (15 bytes)
Event: 418.259 Thread 0x000001da3cc1e020 nmethod 5672 0x000001da27506690 code [0x000001da27506840, 0x000001da27506ab8]
Event: 418.267 Thread 0x000001da3cc1e020 5673       3       org.gradle.api.internal.attributes.DefaultImmutableAttributesFactory::concat (12 bytes)
Event: 418.273 Thread 0x000001da3cc1e020 nmethod 5673 0x000001da27ab8a90 code [0x000001da27ab8c40, 0x000001da27ab8dd8]
Event: 418.276 Thread 0x000001da3cc1e020 5674       3       org.gradle.api.internal.artifacts.ivyservice.ivyresolve.ComponentMetaDataResolveState::resolve (93 bytes)

GC Heap History (20 events):
Event: 195.555 GC heap before
{Heap before GC invocations=3 (full 0):
 garbage-first heap   total 129024K, used 57990K [0x00000000a0000000, 0x0000000100000000)
  region size 1024K, 48 young (49152K), 1 survivors (1024K)
 Metaspace       used 21327K, committed 21504K, reserved 1073152K
  class space    used 2578K, committed 2688K, reserved 1048576K
}
Event: 195.727 GC heap after
{Heap after GC invocations=4 (full 0):
 garbage-first heap   total 129024K, used 17245K [0x00000000a0000000, 0x0000000100000000)
  region size 1024K, 8 young (8192K), 8 survivors (8192K)
 Metaspace       used 21327K, committed 21504K, reserved 1073152K
  class space    used 2578K, committed 2688K, reserved 1048576K
}
Event: 212.226 GC heap before
{Heap before GC invocations=5 (full 0):
 garbage-first heap   total 65536K, used 47965K [0x00000000a0000000, 0x0000000100000000)
  region size 1024K, 38 young (38912K), 8 survivors (8192K)
 Metaspace       used 26304K, committed 26624K, reserved 1073152K
  class space    used 3433K, committed 3584K, reserved 1048576K
}
Event: 212.249 GC heap after
{Heap after GC invocations=6 (full 0):
 garbage-first heap   total 65536K, used 19529K [0x00000000a0000000, 0x0000000100000000)
  region size 1024K, 3 young (3072K), 3 survivors (3072K)
 Metaspace       used 26304K, committed 26624K, reserved 1073152K
  class space    used 3433K, committed 3584K, reserved 1048576K
}
Event: 225.683 GC heap before
{Heap before GC invocations=6 (full 0):
 garbage-first heap   total 65536K, used 45129K [0x00000000a0000000, 0x0000000100000000)
  region size 1024K, 28 young (28672K), 3 survivors (3072K)
 Metaspace       used 30312K, committed 30656K, reserved 1081344K
  class space    used 4074K, committed 4224K, reserved 1048576K
}
Event: 225.732 GC heap after
{Heap after GC invocations=7 (full 0):
 garbage-first heap   total 65536K, used 20559K [0x00000000a0000000, 0x0000000100000000)
  region size 1024K, 4 young (4096K), 4 survivors (4096K)
 Metaspace       used 30312K, committed 30656K, reserved 1081344K
  class space    used 4074K, committed 4224K, reserved 1048576K
}
Event: 245.862 GC heap before
{Heap before GC invocations=7 (full 0):
 garbage-first heap   total 65536K, used 46159K [0x00000000a0000000, 0x0000000100000000)
  region size 1024K, 30 young (30720K), 4 survivors (4096K)
 Metaspace       used 35644K, committed 35968K, reserved 1081344K
  class space    used 4700K, committed 4864K, reserved 1048576K
}
Event: 245.939 GC heap after
{Heap after GC invocations=8 (full 0):
 garbage-first heap   total 65536K, used 22782K [0x00000000a0000000, 0x0000000100000000)
  region size 1024K, 4 young (4096K), 4 survivors (4096K)
 Metaspace       used 35644K, committed 35968K, reserved 1081344K
  class space    used 4700K, committed 4864K, reserved 1048576K
}
Event: 260.602 GC heap before
{Heap before GC invocations=9 (full 0):
 garbage-first heap   total 65536K, used 47358K [0x00000000a0000000, 0x0000000100000000)
  region size 1024K, 29 young (29696K), 4 survivors (4096K)
 Metaspace       used 38686K, committed 39040K, reserved 1089536K
  class space    used 5067K, committed 5248K, reserved 1048576K
}
Event: 260.642 GC heap after
{Heap after GC invocations=10 (full 0):
 garbage-first heap   total 65536K, used 26001K [0x00000000a0000000, 0x0000000100000000)
  region size 1024K, 4 young (4096K), 4 survivors (4096K)
 Metaspace       used 38686K, committed 39040K, reserved 1089536K
  class space    used 5067K, committed 5248K, reserved 1048576K
}
Event: 293.457 GC heap before
{Heap before GC invocations=11 (full 0):
 garbage-first heap   total 65536K, used 50577K [0x00000000a0000000, 0x0000000100000000)
  region size 1024K, 26 young (26624K), 4 survivors (4096K)
 Metaspace       used 41477K, committed 41792K, reserved 1089536K
  class space    used 5384K, committed 5504K, reserved 1048576K
}
Event: 293.922 GC heap after
{Heap after GC invocations=12 (full 0):
 garbage-first heap   total 65536K, used 27153K [0x00000000a0000000, 0x0000000100000000)
  region size 1024K, 2 young (2048K), 2 survivors (2048K)
 Metaspace       used 41477K, committed 41792K, reserved 1089536K
  class space    used 5384K, committed 5504K, reserved 1048576K
}
Event: 325.240 GC heap before
{Heap before GC invocations=12 (full 0):
 garbage-first heap   total 65536K, used 49681K [0x00000000a0000000, 0x0000000100000000)
  region size 1024K, 24 young (24576K), 2 survivors (2048K)
 Metaspace       used 43690K, committed 44032K, reserved 1089536K
  class space    used 5733K, committed 5888K, reserved 1048576K
}
Event: 325.288 GC heap after
{Heap after GC invocations=13 (full 0):
 garbage-first heap   total 65536K, used 28918K [0x00000000a0000000, 0x0000000100000000)
  region size 1024K, 2 young (2048K), 2 survivors (2048K)
 Metaspace       used 43690K, committed 44032K, reserved 1089536K
  class space    used 5733K, committed 5888K, reserved 1048576K
}
Event: 343.506 GC heap before
{Heap before GC invocations=13 (full 0):
 garbage-first heap   total 65536K, used 50422K [0x00000000a0000000, 0x0000000100000000)
  region size 1024K, 23 young (23552K), 2 survivors (2048K)
 Metaspace       used 45948K, committed 46272K, reserved 1089536K
  class space    used 5984K, committed 6144K, reserved 1048576K
}
Event: 343.572 GC heap after
{Heap after GC invocations=14 (full 0):
 garbage-first heap   total 65536K, used 30688K [0x00000000a0000000, 0x0000000100000000)
  region size 1024K, 3 young (3072K), 3 survivors (3072K)
 Metaspace       used 45948K, committed 46272K, reserved 1089536K
  class space    used 5984K, committed 6144K, reserved 1048576K
}
Event: 357.845 GC heap before
{Heap before GC invocations=14 (full 0):
 garbage-first heap   total 65536K, used 51168K [0x00000000a0000000, 0x0000000100000000)
  region size 1024K, 23 young (23552K), 3 survivors (3072K)
 Metaspace       used 48341K, committed 48704K, reserved 1097728K
  class space    used 6352K, committed 6528K, reserved 1048576K
}
Event: 357.955 GC heap after
{Heap after GC invocations=15 (full 0):
 garbage-first heap   total 65536K, used 31876K [0x00000000a0000000, 0x0000000100000000)
  region size 1024K, 2 young (2048K), 2 survivors (2048K)
 Metaspace       used 48341K, committed 48704K, reserved 1097728K
  class space    used 6352K, committed 6528K, reserved 1048576K
}
Event: 387.047 GC heap before
{Heap before GC invocations=15 (full 0):
 garbage-first heap   total 65536K, used 51332K [0x00000000a0000000, 0x0000000100000000)
  region size 1024K, 21 young (21504K), 2 survivors (2048K)
 Metaspace       used 49801K, committed 50240K, reserved 1097728K
  class space    used 6507K, committed 6720K, reserved 1048576K
}
Event: 387.260 GC heap after
{Heap after GC invocations=16 (full 0):
 garbage-first heap   total 65536K, used 33327K [0x00000000a0000000, 0x0000000100000000)
  region size 1024K, 3 young (3072K), 3 survivors (3072K)
 Metaspace       used 49801K, committed 50240K, reserved 1097728K
  class space    used 6507K, committed 6720K, reserved 1048576K
}

Dll operation events (2 events):
Event: 0.114 Loaded shared library C:\Program Files\Android\Android Studio\jbr\bin\java.dll
Event: 49.991 Loaded shared library C:\Program Files\Android\Android Studio\jbr\bin\verify.dll

Deoptimization events (20 events):
Event: 366.896 Thread 0x000001da3d9b0df0 Uncommon trap: trap_request=0xffffffc6 fr.pc=0x000001da2f269f68 relative=0x0000000000000cc8
Event: 366.896 Thread 0x000001da3d9b0df0 Uncommon trap: reason=bimorphic_or_optimized_type_check action=maybe_recompile pc=0x000001da2f269f68 method=java.util.HashMap.computeIfAbsent(Ljava/lang/Object;Ljava/util/function/Function;)Ljava/lang/Object; @ 142 c2
Event: 366.896 Thread 0x000001da3d9b0df0 DEOPT PACKING pc=0x000001da2f269f68 sp=0x000000cbb46f8540
Event: 366.909 Thread 0x000001da3d9b0df0 DEOPT UNPACKING pc=0x000001da2ea369a3 sp=0x000000cbb46f8508 mode 2
Event: 369.625 Thread 0x000001da3d9b0df0 Uncommon trap: trap_request=0xffffffc6 fr.pc=0x000001da2f269f68 relative=0x0000000000000cc8
Event: 369.625 Thread 0x000001da3d9b0df0 Uncommon trap: reason=bimorphic_or_optimized_type_check action=maybe_recompile pc=0x000001da2f269f68 method=java.util.HashMap.computeIfAbsent(Ljava/lang/Object;Ljava/util/function/Function;)Ljava/lang/Object; @ 142 c2
Event: 369.625 Thread 0x000001da3d9b0df0 DEOPT PACKING pc=0x000001da2f269f68 sp=0x000000cbb46f8810
Event: 369.625 Thread 0x000001da3d9b0df0 DEOPT UNPACKING pc=0x000001da2ea369a3 sp=0x000000cbb46f87d8 mode 2
Event: 369.625 Thread 0x000001da3d9b0df0 Uncommon trap: trap_request=0xffffffc6 fr.pc=0x000001da2f269f68 relative=0x0000000000000cc8
Event: 369.625 Thread 0x000001da3d9b0df0 Uncommon trap: reason=bimorphic_or_optimized_type_check action=maybe_recompile pc=0x000001da2f269f68 method=java.util.HashMap.computeIfAbsent(Ljava/lang/Object;Ljava/util/function/Function;)Ljava/lang/Object; @ 142 c2
Event: 369.625 Thread 0x000001da3d9b0df0 DEOPT PACKING pc=0x000001da2f269f68 sp=0x000000cbb46f8880
Event: 369.625 Thread 0x000001da3d9b0df0 DEOPT UNPACKING pc=0x000001da2ea369a3 sp=0x000000cbb46f8848 mode 2
Event: 369.639 Thread 0x000001da3d9b0df0 Uncommon trap: trap_request=0xffffff45 fr.pc=0x000001da2f187710 relative=0x00000000000001f0
Event: 369.639 Thread 0x000001da3d9b0df0 Uncommon trap: reason=unstable_if action=reinterpret pc=0x000001da2f187710 method=java.util.ArrayList$SubList.toArray([Ljava/lang/Object;)[Ljava/lang/Object; @ 10 c2
Event: 369.639 Thread 0x000001da3d9b0df0 DEOPT PACKING pc=0x000001da2f187710 sp=0x000000cbb46f80b0
Event: 369.639 Thread 0x000001da3d9b0df0 DEOPT UNPACKING pc=0x000001da2ea369a3 sp=0x000000cbb46f8088 mode 2
Event: 384.099 Thread 0x000001da3d9b0df0 Uncommon trap: trap_request=0xffffff45 fr.pc=0x000001da2f2819d4 relative=0x0000000000000d34
Event: 384.108 Thread 0x000001da3d9b0df0 Uncommon trap: reason=unstable_if action=reinterpret pc=0x000001da2f2819d4 method=com.esotericsoftware.kryo.io.Input.readString()Ljava/lang/String; @ 38 c2
Event: 384.108 Thread 0x000001da3d9b0df0 DEOPT PACKING pc=0x000001da2f2819d4 sp=0x000000cbb46f7fc0
Event: 384.128 Thread 0x000001da3d9b0df0 DEOPT UNPACKING pc=0x000001da2ea369a3 sp=0x000000cbb46f7f88 mode 2

Classes unloaded (0 events):
No events

Classes redefined (0 events):
No events

Internal exceptions (20 events):
Event: 348.751 Thread 0x000001da3d9b0df0 Exception <a 'java/lang/ClassNotFoundException'{0x00000000a47b4170}: org/gradle/api/internal/artifacts/dsl/dependencies/DefaultDependencyHandlerBeanInfo> (0x00000000a47b4170) 
thrown [s\src\hotspot\share\classfile\systemDictionary.cpp, line 256]
Event: 348.753 Thread 0x000001da3d9b0df0 Exception <a 'java/lang/ClassNotFoundException'{0x00000000a47c9480}: org/gradle/api/internal/artifacts/dsl/dependencies/DefaultDependencyHandlerCustomizer> (0x00000000a47c9480) 
thrown [s\src\hotspot\share\classfile\systemDictionary.cpp, line 256]
Event: 348.770 Thread 0x000001da3d9b0df0 Exception <a 'java/lang/ClassNotFoundException'{0x00000000a4607d38}: org/gradle/api/internal/artifacts/dsl/dependencies/DefaultDependencyHandler_DecoratedCustomizer> (0x00000000a4607d38) 
thrown [s\src\hotspot\share\classfile\systemDictionary.cpp, line 256]
Event: 351.030 Thread 0x000001da3d9b0df0 Exception <a 'java/lang/NoSuchMethodError'{0x00000000a3523538}: 'java.lang.Object java.lang.invoke.DirectMethodHandle$Holder.newInvokeSpecial(java.lang.Object, int, java.lang.Object)'> (0x00000000a3523538) 
thrown [s\src\hotspot\share\interpreter\linkResolver.cpp, line 771]
Event: 353.988 Thread 0x000001da3d9b0df0 Exception <a 'java/lang/NoSuchMethodError'{0x00000000a3250710}: 'java.lang.Object java.lang.invoke.DelegatingMethodHandle$Holder.reinvoke_L(java.lang.Object, java.lang.Object, java.lang.Object, java.lang.Object, java.lang.Object, java.lang.Object, java.lang.Object, java.lang.Object, java.lang.Object, java.lang.Object, java.lang.Object, java.lang.Object, java.lang.Object, java.lang.Object, java.lang.Object, java.lang.Object, java.lang.Object, java.lang.Object, java.lang.Object, java.lang.Object, java.lang.O
Event: 353.993 Thread 0x000001da3d9b0df0 Exception <a 'java/lang/NoSuchMethodError'{0x00000000a325c430}: 'java.lang.Object java.lang.invoke.Invokers$Holder.invoker(java.lang.Object, java.lang.Object, java.lang.Object, java.lang.Object, java.lang.Object, java.lang.Object, java.lang.Object, java.lang.Object, java.lang.Object, java.lang.Object, java.lang.Object, java.lang.Object, java.lang.Object, java.lang.Object, java.lang.Object, java.lang.Object, java.lang.Object, java.lang.Object, java.lang.Object, java.lang.Object, java.lang.Object)'> (0x00000
Event: 353.998 Thread 0x000001da3d9b0df0 Exception <a 'java/lang/NoSuchMethodError'{0x00000000a3272ea8}: 'java.lang.Object java.lang.invoke.DelegatingMethodHandle$Holder.delegate(java.lang.Object, java.lang.Object, java.lang.Object, java.lang.Object, java.lang.Object, java.lang.Object, java.lang.Object, java.lang.Object, java.lang.Object, java.lang.Object, java.lang.Object, java.lang.Object, java.lang.Object, java.lang.Object, java.lang.Object, java.lang.Object, java.lang.Object, java.lang.Object, java.lang.Object, java.lang.Object, java.lang.Obj
Event: 354.130 Thread 0x000001da3d9b0df0 Exception <a 'java/lang/NoSuchMethodError'{0x00000000a32eaca8}: 'java.lang.Object java.lang.invoke.DirectMethodHandle$Holder.invokeStatic(java.lang.Object, java.lang.Object, java.lang.Object, java.lang.Object, java.lang.Object, java.lang.Object, java.lang.Object, java.lang.Object, java.lang.Object, java.lang.Object, java.lang.Object, java.lang.Object, java.lang.Object, java.lang.Object, java.lang.Object, java.lang.Object, java.lang.Object)'> (0x00000000a32eaca8) 
thrown [s\src\hotspot\share\interpreter\lin
Event: 354.140 Thread 0x000001da3d9b0df0 Exception <a 'java/lang/NoSuchMethodError'{0x00000000a3113310}: 'java.lang.Object java.lang.invoke.DirectMethodHandle$Holder.invokeStatic(java.lang.Object, java.lang.Object, java.lang.Object, java.lang.Object, java.lang.Object, java.lang.Object, java.lang.Object, java.lang.Object, java.lang.Object, java.lang.Object, java.lang.Object, java.lang.Object, java.lang.Object, java.lang.Object, java.lang.Object, java.lang.Object, java.lang.Object, java.lang.Object)'> (0x00000000a3113310) 
thrown [s\src\hotspot\sha
Event: 354.593 Thread 0x000001da3d9b0df0 Exception <a 'java/lang/NoSuchMethodError'{0x00000000a313c088}: 'java.lang.Object java.lang.invoke.DirectMethodHandle$Holder.invokeStatic(java.lang.Object, java.lang.Object, java.lang.Object, java.lang.Object, java.lang.Object, java.lang.Object, java.lang.Object, java.lang.Object, java.lang.Object, java.lang.Object, java.lang.Object, java.lang.Object, java.lang.Object, java.lang.Object, java.lang.Object, java.lang.Object, java.lang.Object, java.lang.Object, java.lang.Object)'> (0x00000000a313c088) 
thrown 
Event: 354.601 Thread 0x000001da3d9b0df0 Exception <a 'java/lang/NoSuchMethodError'{0x00000000a3169948}: 'java.lang.Object java.lang.invoke.DirectMethodHandle$Holder.invokeStatic(java.lang.Object, java.lang.Object, java.lang.Object, java.lang.Object, java.lang.Object, java.lang.Object, java.lang.Object, java.lang.Object, java.lang.Object, java.lang.Object, java.lang.Object, java.lang.Object, java.lang.Object, java.lang.Object, java.lang.Object, java.lang.Object, java.lang.Object, java.lang.Object, java.lang.Object, java.lang.Object)'> (0x00000000
Event: 354.612 Thread 0x000001da3d9b0df0 Exception <a 'java/lang/NoSuchMethodError'{0x00000000a3194800}: 'java.lang.Object java.lang.invoke.DirectMethodHandle$Holder.invokeStatic(java.lang.Object, java.lang.Object, java.lang.Object, java.lang.Object, java.lang.Object, java.lang.Object, java.lang.Object, java.lang.Object, java.lang.Object, java.lang.Object, java.lang.Object, java.lang.Object, java.lang.Object, java.lang.Object, java.lang.Object, java.lang.Object, java.lang.Object, java.lang.Object, java.lang.Object, java.lang.Object, java.lang.Obj
Event: 354.624 Thread 0x000001da3d9b0df0 Exception <a 'java/lang/NoSuchMethodError'{0x00000000a31c00b8}: 'java.lang.Object java.lang.invoke.DirectMethodHandle$Holder.invokeStatic(java.lang.Object, java.lang.Object, java.lang.Object, java.lang.Object, java.lang.Object, java.lang.Object, java.lang.Object, java.lang.Object, java.lang.Object, java.lang.Object, java.lang.Object, java.lang.Object, java.lang.Object, java.lang.Object, java.lang.Object, java.lang.Object, java.lang.Object, java.lang.Object, java.lang.Object, java.lang.Object, java.lang.Obj
Event: 354.631 Thread 0x000001da3d9b0df0 Exception <a 'java/lang/NoSuchMethodError'{0x00000000a31ed5f8}: 'java.lang.Object java.lang.invoke.DirectMethodHandle$Holder.invokeStatic(java.lang.Object, java.lang.Object, java.lang.Object, java.lang.Object, java.lang.Object, java.lang.Object, java.lang.Object, java.lang.Object, java.lang.Object, java.lang.Object, java.lang.Object, java.lang.Object, java.lang.Object, java.lang.Object, java.lang.Object, java.lang.Object, java.lang.Object, java.lang.Object, java.lang.Object, java.lang.Object, java.lang.Obj
Event: 354.641 Thread 0x000001da3d9b0df0 Exception <a 'java/lang/NoSuchMethodError'{0x00000000a301c838}: 'java.lang.Object java.lang.invoke.DirectMethodHandle$Holder.invokeStatic(java.lang.Object, java.lang.Object, java.lang.Object, java.lang.Object, java.lang.Object, java.lang.Object, java.lang.Object, java.lang.Object, java.lang.Object, java.lang.Object, java.lang.Object, java.lang.Object, java.lang.Object, java.lang.Object, java.lang.Object, java.lang.Object, java.lang.Object, java.lang.Object, java.lang.Object, java.lang.Object, java.lang.Obj
Event: 356.387 Thread 0x000001da3d9b0df0 Exception <a 'java/lang/IncompatibleClassChangeError'{0x00000000a2e3f1b8}: Found class java.lang.Object, but interface was expected> (0x00000000a2e3f1b8) 
thrown [s\src\hotspot\share\interpreter\linkResolver.cpp, line 838]
Event: 356.404 Thread 0x000001da3d9b0df0 Exception <a 'java/lang/NoSuchMethodError'{0x00000000a2e46c68}: 'int java.lang.invoke.DirectMethodHandle$Holder.invokeSpecialIFC(java.lang.Object, java.lang.Object, java.lang.Object, java.lang.Object, java.lang.Object)'> (0x00000000a2e46c68) 
thrown [s\src\hotspot\share\interpreter\linkResolver.cpp, line 771]
Event: 361.799 Thread 0x000001da3d9b0df0 Exception <a 'java/lang/NoSuchMethodError'{0x00000000a489e908}: 'int java.lang.invoke.DirectMethodHandle$Holder.invokeStatic(java.lang.Object)'> (0x00000000a489e908) 
thrown [s\src\hotspot\share\interpreter\linkResolver.cpp, line 771]
Event: 361.800 Thread 0x000001da3d9b0df0 Exception <a 'java/lang/NoSuchMethodError'{0x00000000a48a2cf8}: 'int java.lang.invoke.DirectMethodHandle$Holder.invokeStaticInit(java.lang.Object)'> (0x00000000a48a2cf8) 
thrown [s\src\hotspot\share\interpreter\linkResolver.cpp, line 771]
Event: 406.039 Thread 0x000001da3d9b0df0 Exception <a 'java/lang/NoSuchMethodError'{0x00000000a4b23b90}: 'void java.lang.invoke.DirectMethodHandle$Holder.invokeStatic(java.lang.Object, java.lang.Object, java.lang.Object, java.lang.Object, java.lang.Object, java.lang.Object)'> (0x00000000a4b23b90) 
thrown [s\src\hotspot\share\interpreter\linkResolver.cpp, line 771]

VM Operations (20 events):
Event: 404.030 Executing VM operation: HandshakeAllThreads
Event: 404.040 Executing VM operation: HandshakeAllThreads done
Event: 406.045 Executing VM operation: Cleanup
Event: 406.047 Executing VM operation: Cleanup done
Event: 407.050 Executing VM operation: Cleanup
Event: 407.050 Executing VM operation: Cleanup done
Event: 408.054 Executing VM operation: Cleanup
Event: 408.054 Executing VM operation: Cleanup done
Event: 410.173 Executing VM operation: Cleanup
Event: 410.338 Executing VM operation: Cleanup done
Event: 411.351 Executing VM operation: Cleanup
Event: 411.668 Executing VM operation: Cleanup done
Event: 412.683 Executing VM operation: Cleanup
Event: 412.709 Executing VM operation: Cleanup done
Event: 413.724 Executing VM operation: Cleanup
Event: 413.759 Executing VM operation: Cleanup done
Event: 414.767 Executing VM operation: Cleanup
Event: 414.798 Executing VM operation: Cleanup done
Event: 416.810 Executing VM operation: Cleanup
Event: 416.826 Executing VM operation: Cleanup done

Events (20 events):
Event: 367.898 Thread 0x000001da3cc743b0 flushing nmethod 0x000001da27bfa510
Event: 367.898 Thread 0x000001da3cc743b0 flushing nmethod 0x000001da27bfaa10
Event: 367.898 Thread 0x000001da3cc743b0 flushing nmethod 0x000001da27bfbb90
Event: 367.898 Thread 0x000001da3cc743b0 flushing nmethod 0x000001da27bfc710
Event: 367.898 Thread 0x000001da3cc743b0 flushing nmethod 0x000001da27c1f090
Event: 367.899 Thread 0x000001da3cc743b0 flushing nmethod 0x000001da27c8ff90
Event: 367.899 Thread 0x000001da3cc743b0 flushing nmethod 0x000001da27ca0190
Event: 367.899 Thread 0x000001da3cc743b0 flushing nmethod 0x000001da27cc2710
Event: 367.899 Thread 0x000001da3cc743b0 flushing nmethod 0x000001da27ccc710
Event: 367.899 Thread 0x000001da3cc743b0 flushing nmethod 0x000001da27cd8e90
Event: 367.899 Thread 0x000001da3cc743b0 flushing nmethod 0x000001da27cf5310
Event: 367.900 Thread 0x000001da3cc743b0 flushing nmethod 0x000001da27cfb290
Event: 367.900 Thread 0x000001da3cc743b0 flushing nmethod 0x000001da27cfbd10
Event: 367.900 Thread 0x000001da3cc743b0 flushing nmethod 0x000001da27cfd390
Event: 367.900 Thread 0x000001da3cc743b0 flushing nmethod 0x000001da27d04810
Event: 367.900 Thread 0x000001da3cc743b0 flushing nmethod 0x000001da27d06690
Event: 367.900 Thread 0x000001da3cc743b0 flushing nmethod 0x000001da27d08010
Event: 367.901 Thread 0x000001da3cc743b0 flushing nmethod 0x000001da27da8290
Event: 367.901 Thread 0x000001da3cc743b0 flushing nmethod 0x000001da27e1c710
Event: 367.901 Thread 0x000001da3cc743b0 flushing nmethod 0x000001da27e24d10


Dynamic libraries:
0x00007ff73aa10000 - 0x00007ff73aa1a000 	C:\Program Files\Android\Android Studio\jbr\bin\java.exe
0x00007ffe27110000 - 0x00007ffe27305000 	C:\Windows\SYSTEM32\ntdll.dll
0x00007ffe27010000 - 0x00007ffe270ce000 	C:\Windows\System32\KERNEL32.DLL
0x00007ffe24e90000 - 0x00007ffe25159000 	C:\Windows\System32\KERNELBASE.dll
0x00007ffe24b60000 - 0x00007ffe24c60000 	C:\Windows\System32\ucrtbase.dll
0x00007ffe10860000 - 0x00007ffe10877000 	C:\Program Files\Android\Android Studio\jbr\bin\jli.dll
0x00007ffe0f4f0000 - 0x00007ffe0f50b000 	C:\Program Files\Android\Android Studio\jbr\bin\VCRUNTIME140.dll
0x00007ffe25160000 - 0x00007ffe25301000 	C:\Windows\System32\USER32.dll
0x00007ffe24830000 - 0x00007ffe24852000 	C:\Windows\System32\win32u.dll
0x00007ffe26fe0000 - 0x00007ffe2700b000 	C:\Windows\System32\GDI32.dll
0x00007ffe24c60000 - 0x00007ffe24d6b000 	C:\Windows\System32\gdi32full.dll
0x00007ffe249c0000 - 0x00007ffe24a5d000 	C:\Windows\System32\msvcp_win.dll
0x00007ffe169b0000 - 0x00007ffe16c4a000 	C:\Windows\WinSxS\amd64_microsoft.windows.common-controls_6595b64144ccf1df_6.0.19041.1110_none_60b5254171f9507e\COMCTL32.dll
0x00007ffe25b90000 - 0x00007ffe25c2e000 	C:\Windows\System32\msvcrt.dll
0x00007ffe25b00000 - 0x00007ffe25b30000 	C:\Windows\System32\IMM32.DLL
0x00007ffe124b0000 - 0x00007ffe124bc000 	C:\Program Files\Android\Android Studio\jbr\bin\vcruntime140_1.dll
0x00007ffe005d0000 - 0x00007ffe0065d000 	C:\Program Files\Android\Android Studio\jbr\bin\msvcp140.dll
0x00007ffdf4d00000 - 0x00007ffdf596e000 	C:\Program Files\Android\Android Studio\jbr\bin\server\jvm.dll
0x00007ffe26650000 - 0x00007ffe266fc000 	C:\Windows\System32\ADVAPI32.dll
0x00007ffe25a40000 - 0x00007ffe25adb000 	C:\Windows\System32\sechost.dll
0x00007ffe26700000 - 0x00007ffe2682a000 	C:\Windows\System32\RPCRT4.dll
0x00007ffe0e360000 - 0x00007ffe0e369000 	C:\Windows\SYSTEM32\WSOCK32.dll
0x00007ffe263f0000 - 0x00007ffe2645b000 	C:\Windows\System32\WS2_32.dll
0x00007ffe17730000 - 0x00007ffe17757000 	C:\Windows\SYSTEM32\WINMM.dll
0x00007ffe1ae90000 - 0x00007ffe1ae9a000 	C:\Windows\SYSTEM32\VERSION.dll
0x00007ffe22730000 - 0x00007ffe22742000 	C:\Windows\SYSTEM32\kernel.appcore.dll
0x00007ffe109e0000 - 0x00007ffe109ea000 	C:\Program Files\Android\Android Studio\jbr\bin\jimage.dll
0x00007ffe16c90000 - 0x00007ffe16e74000 	C:\Windows\SYSTEM32\DBGHELP.DLL
0x00007ffe16c60000 - 0x00007ffe16c8c000 	C:\Windows\SYSTEM32\dbgcore.DLL
0x00007ffe24dd0000 - 0x00007ffe24e53000 	C:\Windows\System32\bcryptPrimitives.dll
0x00007ffe0f2f0000 - 0x00007ffe0f315000 	C:\Program Files\Android\Android Studio\jbr\bin\java.dll
0x00007ffe0f190000 - 0x00007ffe0f1a8000 	C:\Program Files\Android\Android Studio\jbr\bin\zip.dll
0x00007ffe25c30000 - 0x00007ffe2636f000 	C:\Windows\System32\SHELL32.dll
0x00007ffe22930000 - 0x00007ffe230c0000 	C:\Windows\SYSTEM32\windows.storage.dll
0x00007ffe26bf0000 - 0x00007ffe26f45000 	C:\Windows\System32\combase.dll
0x00007ffe241b0000 - 0x00007ffe241dc000 	C:\Windows\SYSTEM32\Wldp.dll
0x00007ffe265a0000 - 0x00007ffe2664d000 	C:\Windows\System32\SHCORE.dll
0x00007ffe268a0000 - 0x00007ffe268f5000 	C:\Windows\System32\shlwapi.dll
0x00007ffe24770000 - 0x00007ffe2478f000 	C:\Windows\SYSTEM32\profapi.dll
0x00007ffe0eec0000 - 0x00007ffe0eed9000 	C:\Program Files\Android\Android Studio\jbr\bin\net.dll
0x00007ffe1c4d0000 - 0x00007ffe1c5d8000 	C:\Windows\SYSTEM32\WINHTTP.dll
0x00007ffe23f10000 - 0x00007ffe23f7a000 	C:\Windows\system32\mswsock.dll
0x00007ffe0ebf0000 - 0x00007ffe0ec06000 	C:\Program Files\Android\Android Studio\jbr\bin\nio.dll
0x00007ffe0f9b0000 - 0x00007ffe0f9c0000 	C:\Program Files\Android\Android Studio\jbr\bin\verify.dll
0x00007ffe0d220000 - 0x00007ffe0d247000 	C:\Users\T00029\.gradle\native\e1d6ef7f7dcc3fd88c89a11ec53ec762bb8ba0a96d01ffa2cd45eb1d1d8dd5c5\windows-amd64\native-platform.dll
0x00007ffdf8a50000 - 0x00007ffdf8b94000 	C:\Users\T00029\.gradle\native\0d407fdbe67a94daf76414ababcb853783967236a71b16ec16e742cd7a986fd3\windows-amd64\native-platform-file-events.dll
0x00007ffe0f7f0000 - 0x00007ffe0f7f9000 	C:\Program Files\Android\Android Studio\jbr\bin\management.dll
0x00007ffe0f090000 - 0x00007ffe0f09b000 	C:\Program Files\Android\Android Studio\jbr\bin\management_ext.dll
0x00007ffe25310000 - 0x00007ffe25318000 	C:\Windows\System32\PSAPI.DLL
0x00007ffe24100000 - 0x00007ffe24118000 	C:\Windows\SYSTEM32\CRYPTSP.dll
0x00007ffe23890000 - 0x00007ffe238c4000 	C:\Windows\system32\rsaenh.dll
0x00007ffe24e60000 - 0x00007ffe24e87000 	C:\Windows\System32\bcrypt.dll
0x00007ffe24730000 - 0x00007ffe2475e000 	C:\Windows\SYSTEM32\USERENV.dll
0x00007ffe24120000 - 0x00007ffe2412c000 	C:\Windows\SYSTEM32\CRYPTBASE.dll
0x00007ffe23c00000 - 0x00007ffe23c3b000 	C:\Windows\SYSTEM32\IPHLPAPI.DLL
0x00007ffe26890000 - 0x00007ffe26898000 	C:\Windows\System32\NSI.dll
0x00007ffe1fc50000 - 0x00007ffe1fc67000 	C:\Windows\SYSTEM32\dhcpcsvc6.DLL
0x00007ffe1fc30000 - 0x00007ffe1fc4d000 	C:\Windows\SYSTEM32\dhcpcsvc.DLL
0x00007ffe23c40000 - 0x00007ffe23d0c000 	C:\Windows\SYSTEM32\DNSAPI.dll
0x00007ffe0eff0000 - 0x00007ffe0eff7000 	C:\Windows\system32\wshunix.dll

dbghelp: loaded successfully - version: 4.0.5 - missing functions: none
symbol engine: initialized successfully - sym options: 0x614 - pdb path: .;C:\Program Files\Android\Android Studio\jbr\bin;C:\Windows\SYSTEM32;C:\Windows\WinSxS\amd64_microsoft.windows.common-controls_6595b64144ccf1df_6.0.19041.1110_none_60b5254171f9507e;C:\Program Files\Android\Android Studio\jbr\bin\server;C:\Users\T00029\.gradle\native\e1d6ef7f7dcc3fd88c89a11ec53ec762bb8ba0a96d01ffa2cd45eb1d1d8dd5c5\windows-amd64;C:\Users\T00029\.gradle\native\0d407fdbe67a94daf76414ababcb853783967236a71b16ec16e742cd7a986fd3\windows-amd64

VM Arguments:
jvm_args: --add-opens=java.base/java.util=ALL-UNNAMED --add-opens=java.base/java.lang=ALL-UNNAMED --add-opens=java.base/java.lang.invoke=ALL-UNNAMED --add-opens=java.base/java.util=ALL-UNNAMED --add-opens=java.prefs/java.util.prefs=ALL-UNNAMED --add-opens=java.prefs/java.util.prefs=ALL-UNNAMED --add-opens=java.base/java.nio.charset=ALL-UNNAMED --add-opens=java.base/java.net=ALL-UNNAMED --add-opens=java.base/java.util.concurrent.atomic=ALL-UNNAMED -Xmx1536M -Dfile.encoding=windows-1252 -Duser.country=US -Duser.language=en -Duser.variant 
java_command: org.gradle.launcher.daemon.bootstrap.GradleDaemon 7.5
java_class_path (initial): C:\Users\T00029\.gradle\wrapper\dists\gradle-7.5-all\6qsw290k5lz422uaf8jf6m7co\gradle-7.5\lib\gradle-launcher-7.5.jar
Launcher Type: SUN_STANDARD

[Global flags]
     intx CICompilerCount                          = 3                                         {product} {ergonomic}
     uint ConcGCThreads                            = 1                                         {product} {ergonomic}
     uint G1ConcRefinementThreads                  = 4                                         {product} {ergonomic}
   size_t G1HeapRegionSize                         = 1048576                                   {product} {ergonomic}
    uintx GCDrainStackTargetSize                   = 64                                        {product} {ergonomic}
   size_t InitialHeapSize                          = 132120576                                 {product} {ergonomic}
   size_t MarkStackSize                            = 4194304                                   {product} {ergonomic}
   size_t MaxHeapSize                              = 1610612736                                {product} {command line}
   size_t MaxNewSize                               = 965738496                                 {product} {ergonomic}
   size_t MinHeapDeltaBytes                        = 1048576                                   {product} {ergonomic}
   size_t MinHeapSize                              = 8388608                                   {product} {ergonomic}
    uintx NonNMethodCodeHeapSize                   = 5832780                                {pd product} {ergonomic}
    uintx NonProfiledCodeHeapSize                  = 122912730                              {pd product} {ergonomic}
    uintx ProfiledCodeHeapSize                     = 122912730                              {pd product} {ergonomic}
    uintx ReservedCodeCacheSize                    = 251658240                              {pd product} {ergonomic}
     bool SegmentedCodeCache                       = true                                      {product} {ergonomic}
   size_t SoftMaxHeapSize                          = 1610612736                             {manageable} {ergonomic}
     bool UseCompressedClassPointers               = true                           {product lp64_product} {ergonomic}
     bool UseCompressedOops                        = true                           {product lp64_product} {ergonomic}
     bool UseG1GC                                  = true                                      {product} {ergonomic}
     bool UseLargePagesIndividualAllocation        = false                                  {pd product} {ergonomic}

Logging:
Log output configuration:
 #0: stdout all=warning uptime,level,tags
 #1: stderr all=off uptime,level,tags

Environment Variables:
JAVA_HOME=C:\Program Files\Android\Android Studio\jbr
CLASSPATH=C:\Users\T00029\Documents\GitHub\Animation\android\\gradle\wrapper\gradle-wrapper.jar
PATH=C:\Program Files\Android\Android Studio\jbr\bin;C:\y\php;C:\ProgramData\ComposerSetup\bin;C:\WINDOWS\System32\WindowsPowerShell\v1.0\;C:\Windows\System32;C:\Program Files\Git\cmd;C:\Program Files\Git\mingw64\bin;C:\Program Files\Git\usr\bin;C:\Windows\System32\WindowsPowerShell\v1.0\powershell.exe;C:\src\flutter\bin;C:\Users\T00029\AppData\Local\Microsoft\WindowsApps;C:\Users\T00029\AppData\Local\GitHubDesktop\bin;C:\Users\T00029\AppData\Local\Programs\Microsoft VS Code\bin;C:\Program Files\Git\bin\git.exe;C:\Program Files\Git\cmd;C:\Windows\System32;C:\Windows\System32\WindowsPowerShell\v1.0\powershell.exe;C:\src\flutter\bin;;C:\src\flutter\bin\mingit\cmd;C:\src\flutter\bin\mingit\cmd
USERNAME=T00029
OS=Windows_NT
PROCESSOR_IDENTIFIER=Intel64 Family 6 Model 78 Stepping 3, GenuineIntel
TMP=C:\Users\T00029\AppData\Local\Temp
TEMP=C:\Users\T00029\AppData\Local\Temp


JNI global refs:
JNI global refs: 23, weak refs: 5

JNI global refs memory usage: 843, weak refs: 841


---------------  S Y S T E M  ---------------

OS:
 Windows 10 , 64 bit Build 19041 (10.0.19041.1202)
OS uptime: 0 days 3:19 hours

CPU: total 4 (initial active 4) (2 cores per cpu, 2 threads per core) family 6 model 78 stepping 3 microcode 0xec, cx8, cmov, fxsr, ht, mmx, 3dnowpref, sse, sse2, sse3, ssse3, sse4.1, sse4.2, popcnt, lzcnt, tsc, tscinvbit, avx, avx2, aes, erms, clmul, bmi1, bmi2, rtm, adx, fma, vzeroupper, clflush, clflushopt

Memory: 4k page, system-wide physical 8047M (143M free)
TotalPageFile size 32623M (AvailPageFile size 0M)
current process WorkingSet (physical memory assigned to process): 40M, peak: 131M
current process commit charge ("private bytes"): 226M, peak: 234M

vm_info: OpenJDK 64-Bit Server VM (17.0.6+0-b2043.56-10027231) for windows-amd64 JRE (17.0.6+0-b2043.56-10027231), built on Apr 28 2023 00:43:19 by "androidbuild" with MS VC++ 16.10 / 16.11 (VS2019)

END.
