#
# There is insufficient memory for the Java Runtime Environment to continue.
# Native memory allocation (malloc) failed to allocate 1025856 bytes for Chunk::new
# Possible reasons:
#   The system is out of physical RAM or swap space
#   The process is running with CompressedOops enabled, and the Java Heap may be blocking the growth of the native heap
# Possible solutions:
#   Reduce memory load on the system
#   Increase physical memory or swap space
#   Check if swap backing store is full
#   Decrease Java heap size (-Xmx/-Xms)
#   Decrease number of Java threads
#   Decrease Java thread stack sizes (-Xss)
#   Set larger code cache with -XX:ReservedCodeCacheSize=
#   JVM is running with Unscaled Compressed Oops mode in which the Java heap is
#     placed in the first 4GB address space. The Java Heap base address is the
#     maximum limit for the native heap growth. Please use -XX:HeapBaseMinAddress
#     to set the Java Heap base and to place the Java Heap above 4GB virtual address.
# This output file may be truncated or incomplete.
#
#  Out of Memory Error (arena.cpp:189), pid=720, tid=15604
#
# JRE version: OpenJDK Runtime Environment (17.0.6) (build 17.0.6+0-b2043.56-10027231)
# Java VM: OpenJDK 64-Bit Server VM (17.0.6+0-b2043.56-10027231, mixed mode, tiered, compressed oops, compressed class ptrs, g1 gc, windows-amd64)
# No core dump will be written. Minidumps are not enabled by default on client versions of Windows
#

---------------  S U M M A R Y ------------

Command Line: --add-opens=java.base/java.util=ALL-UNNAMED --add-opens=java.base/java.lang=ALL-UNNAMED --add-opens=java.base/java.lang.invoke=ALL-UNNAMED --add-opens=java.base/java.util=ALL-UNNAMED --add-opens=java.prefs/java.util.prefs=ALL-UNNAMED --add-opens=java.prefs/java.util.prefs=ALL-UNNAMED --add-opens=java.base/java.nio.charset=ALL-UNNAMED --add-opens=java.base/java.net=ALL-UNNAMED --add-opens=java.base/java.util.concurrent.atomic=ALL-UNNAMED -Xmx1536M -Dfile.encoding=windows-1252 -Duser.country=US -Duser.language=en -Duser.variant org.gradle.launcher.daemon.bootstrap.GradleDaemon 7.5

Host: Intel(R) Core(TM) i5-6300U CPU @ 2.40GHz, 4 cores, 7G,  Windows 10 , 64 bit Build 19041 (10.0.19041.1202)
Time: Thu Nov 16 13:52:12 2023 Bangladesh Standard Time elapsed time: 632.652454 seconds (0d 0h 10m 32s)

---------------  T H R E A D  ---------------

Current thread (0x000002c13c9125d0):  JavaThread "C2 CompilerThread0" daemon [_thread_in_native, id=15604, stack(0x000000f180700000,0x000000f180800000)]


Current CompileTask:
C2: 632652 8780 %     4       org.gradle.internal.instantiation.generator.AbstractClassGenerator::inspectType @ 107 (560 bytes)

Stack: [0x000000f180700000,0x000000f180800000]
Native frames: (J=compiled Java code, j=interpreted, Vv=VM code, C=native code)
V  [jvm.dll+0x683c9a]
V  [jvm.dll+0x8427a4]
V  [jvm.dll+0x843f9e]
V  [jvm.dll+0x844603]
V  [jvm.dll+0x249b75]
V  [jvm.dll+0xabcac]
V  [jvm.dll+0xac27c]
V  [jvm.dll+0x2b0eef]
V  [jvm.dll+0x58a267]
V  [jvm.dll+0x2243b2]
V  [jvm.dll+0x21dbe9]
V  [jvm.dll+0x21b51b]
V  [jvm.dll+0x1a4fdd]
V  [jvm.dll+0x22b098]
V  [jvm.dll+0x229159]
V  [jvm.dll+0x7f81ec]
V  [jvm.dll+0x7f274a]
V  [jvm.dll+0x682ad5]
C  [ucrtbase.dll+0x21bb2]
C  [KERNEL32.DLL+0x17034]
C  [ntdll.dll+0x52651]


---------------  P R O C E S S  ---------------

Threads class SMR info:
_java_thread_list=0x000002c145879630, length=81, elements={
0x000002c123c0b5b0, 0x000002c13bec5880, 0x000002c13bec6600, 0x000002c13bf08b60,
0x000002c13bf09620, 0x000002c13bf0df00, 0x000002c13bf0e7c0, 0x000002c13c9125d0,
0x000002c13c916fa0, 0x000002c13c978bd0, 0x000002c13ca85440, 0x000002c13ca87920,
0x000002c13e32f130, 0x000002c13f3472c0, 0x000002c13e126d10, 0x000002c13e3aca60,
0x000002c13e16e240, 0x000002c13e41c7b0, 0x000002c13dbe4d40, 0x000002c13ce79af0,
0x000002c13ce77940, 0x000002c13ce77e10, 0x000002c13ce79620, 0x000002c13ce78c80,
0x000002c13ce76fa0, 0x000002c13ce76600, 0x000002c13ce79150, 0x000002c13ce782e0,
0x000002c13ce77470, 0x000002c13ce76ad0, 0x000002c13ce787b0, 0x000002c13f16c770,
0x000002c13f170600, 0x000002c13f170130, 0x000002c13f171940, 0x000002c13f16bdd0,
0x000002c13f16df80, 0x000002c13f16e920, 0x000002c13f170ad0, 0x000002c13f16cc40,
0x000002c13f172c80, 0x000002c13f16edf0, 0x000002c13f171470, 0x000002c13f1722e0,
0x000002c13f16f2c0, 0x000002c13f16f790, 0x000002c13f171e10, 0x000002c13f16b430,
0x000002c13f16b900, 0x000002c13f16c2a0, 0x000002c13f16d110, 0x000002c13dc7d980,
0x000002c13dc79fc0, 0x000002c13dc7cfe0, 0x000002c13dc78c80, 0x000002c13dc79150,
0x000002c13dc7d4b0, 0x000002c13dc77e10, 0x000002c13dc7b300, 0x000002c13dc7ae30,
0x000002c13dc782e0, 0x000002c13dc7de50, 0x000002c13dc7b7d0, 0x000002c13dc76600,
0x000002c13dc7c170, 0x000002c13dc79620, 0x000002c13dc787b0, 0x000002c13dc77470,
0x000002c13dc7a490, 0x000002c13dc79af0, 0x000002c13dc7bca0, 0x000002c13dc76ad0,
0x000002c13dc7a960, 0x000002c13dc7c640, 0x000002c13dc7cb10, 0x000002c13dc76fa0,
0x000002c13dc77940, 0x000002c13e32ac50, 0x000002c13e327760, 0x000002c13e325a80,
0x000002c13e32b120
}

Java Threads: ( => current thread )
  0x000002c123c0b5b0 JavaThread "main" [_thread_blocked, id=13512, stack(0x000000f1ffa00000,0x000000f1ffb00000)]
  0x000002c13bec5880 JavaThread "Reference Handler" daemon [_thread_blocked, id=7868, stack(0x000000f180100000,0x000000f180200000)]
  0x000002c13bec6600 JavaThread "Finalizer" daemon [_thread_blocked, id=6408, stack(0x000000f180200000,0x000000f180300000)]
  0x000002c13bf08b60 JavaThread "Signal Dispatcher" daemon [_thread_blocked, id=13524, stack(0x000000f180300000,0x000000f180400000)]
  0x000002c13bf09620 JavaThread "Attach Listener" daemon [_thread_blocked, id=6240, stack(0x000000f180400000,0x000000f180500000)]
  0x000002c13bf0df00 JavaThread "Service Thread" daemon [_thread_blocked, id=8392, stack(0x000000f180500000,0x000000f180600000)]
  0x000002c13bf0e7c0 JavaThread "Monitor Deflation Thread" daemon [_thread_blocked, id=12688, stack(0x000000f180600000,0x000000f180700000)]
=>0x000002c13c9125d0 JavaThread "C2 CompilerThread0" daemon [_thread_in_native, id=15604, stack(0x000000f180700000,0x000000f180800000)]
  0x000002c13c916fa0 JavaThread "C1 CompilerThread0" daemon [_thread_blocked, id=16356, stack(0x000000f180800000,0x000000f180900000)]
  0x000002c13c978bd0 JavaThread "Sweeper thread" daemon [_thread_blocked, id=5960, stack(0x000000f180900000,0x000000f180a00000)]
  0x000002c13ca85440 JavaThread "Common-Cleaner" daemon [_thread_blocked, id=14188, stack(0x000000f180a00000,0x000000f180b00000)]
  0x000002c13ca87920 JavaThread "Notification Thread" daemon [_thread_blocked, id=8624, stack(0x000000f180b00000,0x000000f180c00000)]
  0x000002c13e32f130 JavaThread "Daemon health stats" [_thread_blocked, id=816, stack(0x000000f181000000,0x000000f181100000)]
  0x000002c13f3472c0 JavaThread "Incoming local TCP Connector on port 58174" [_thread_in_native, id=14112, stack(0x000000f181100000,0x000000f181200000)]
  0x000002c13e126d10 JavaThread "Daemon periodic checks" [_thread_blocked, id=13700, stack(0x000000f181200000,0x000000f181300000)]
  0x000002c13e3aca60 JavaThread "Daemon" [_thread_blocked, id=11952, stack(0x000000f181300000,0x000000f181400000)]
  0x000002c13e16e240 JavaThread "Handler for socket connection from /127.0.0.1:58174 to /127.0.0.1:58177" [_thread_in_native, id=5816, stack(0x000000f181400000,0x000000f181500000)]
  0x000002c13e41c7b0 JavaThread "Cancel handler" [_thread_blocked, id=16036, stack(0x000000f181500000,0x000000f181600000)]
  0x000002c13dbe4d40 JavaThread "Daemon worker" [_thread_in_Java, id=15772, stack(0x000000f181600000,0x000000f181700000)]
  0x000002c13ce79af0 JavaThread "Asynchronous log dispatcher for DefaultDaemonConnection: socket connection from /127.0.0.1:58174 to /127.0.0.1:58177" [_thread_blocked, id=13816, stack(0x000000f181700000,0x000000f181800000)]
  0x000002c13ce77940 JavaThread "Stdin handler" [_thread_blocked, id=15872, stack(0x000000f181800000,0x000000f181900000)]
  0x000002c13ce77e10 JavaThread "Daemon client event forwarder" [_thread_blocked, id=14648, stack(0x000000f181900000,0x000000f181a00000)]
  0x000002c13ce79620 JavaThread "Cache worker for journal cache (C:\Users\T00029\.gradle\caches\journal-1)" [_thread_blocked, id=3708, stack(0x000000f181a00000,0x000000f181b00000)]
  0x000002c13ce78c80 JavaThread "File lock request listener" [_thread_in_native, id=16260, stack(0x000000f181b00000,0x000000f181c00000)]
  0x000002c13ce76fa0 JavaThread "Cache worker for file hash cache (C:\Users\T00029\.gradle\caches\7.5\fileHashes)" [_thread_blocked, id=12720, stack(0x000000f181c00000,0x000000f181d00000)]
  0x000002c13ce76600 JavaThread "File watcher server" daemon [_thread_in_native, id=6576, stack(0x000000f181d00000,0x000000f181e00000)]
  0x000002c13ce79150 JavaThread "File watcher consumer" daemon [_thread_blocked, id=16352, stack(0x000000f181e00000,0x000000f181f00000)]
  0x000002c13ce782e0 JavaThread "Cache worker for checksums cache (C:\Users\T00029\Documents\GitHub\Animation\android\.gradle\7.5\checksums)" [_thread_blocked, id=11552, stack(0x000000f181f00000,0x000000f182000000)]
  0x000002c13ce77470 JavaThread "Cache worker for cache directory md-rule (C:\Users\T00029\.gradle\caches\7.5\md-rule)" [_thread_blocked, id=13464, stack(0x000000f182000000,0x000000f182100000)]
  0x000002c13ce76ad0 JavaThread "Cache worker for file content cache (C:\Users\T00029\.gradle\caches\7.5\fileContent)" [_thread_blocked, id=6968, stack(0x000000f182100000,0x000000f182200000)]
  0x000002c13ce787b0 JavaThread "Cache worker for file hash cache (C:\Users\T00029\Documents\GitHub\Animation\android\.gradle\7.5\fileHashes)" [_thread_blocked, id=5812, stack(0x000000f182200000,0x000000f182300000)]
  0x000002c13f16c770 JavaThread "Cache worker for cache directory md-supplier (C:\Users\T00029\.gradle\caches\7.5\md-supplier)" [_thread_blocked, id=4680, stack(0x000000f182300000,0x000000f182400000)]
  0x000002c13f170600 JavaThread "Cache worker for execution history cache (C:\Users\T00029\.gradle\caches\7.5\executionHistory)" [_thread_blocked, id=13684, stack(0x000000f182400000,0x000000f182500000)]
  0x000002c13f170130 JavaThread "jar transforms" [_thread_blocked, id=15824, stack(0x000000f182500000,0x000000f182600000)]
  0x000002c13f171940 JavaThread "jar transforms Thread 2" [_thread_blocked, id=5356, stack(0x000000f182600000,0x000000f182700000)]
  0x000002c13f16bdd0 JavaThread "jar transforms Thread 3" [_thread_blocked, id=16312, stack(0x000000f182900000,0x000000f182a00000)]
  0x000002c13f16df80 JavaThread "jar transforms Thread 4" [_thread_blocked, id=13992, stack(0x000000f182a00000,0x000000f182b00000)]
  0x000002c13f16e920 JavaThread "Cache worker for dependencies-accessors (C:\Users\T00029\Documents\GitHub\Animation\android\.gradle\7.5\dependencies-accessors)" [_thread_blocked, id=10432, stack(0x000000f182b00000,0x000000f182c00000)]
  0x000002c13f170ad0 JavaThread "Cache worker for Build Output Cleanup Cache (C:\Users\T00029\Documents\GitHub\Animation\android\.gradle\buildOutputCleanup)" [_thread_blocked, id=17056, stack(0x000000f182c00000,0x000000f182d00000)]
  0x000002c13f16cc40 JavaThread "Unconstrained build operations" [_thread_blocked, id=13680, stack(0x000000f182d00000,0x000000f182e00000)]
  0x000002c13f172c80 JavaThread "Unconstrained build operations Thread 2" [_thread_blocked, id=16788, stack(0x000000f182e00000,0x000000f182f00000)]
  0x000002c13f16edf0 JavaThread "Unconstrained build operations Thread 3" [_thread_blocked, id=17028, stack(0x000000f182f00000,0x000000f183000000)]
  0x000002c13f171470 JavaThread "Unconstrained build operations Thread 4" [_thread_blocked, id=4572, stack(0x000000f183000000,0x000000f183100000)]
  0x000002c13f1722e0 JavaThread "Unconstrained build operations Thread 5" [_thread_blocked, id=16876, stack(0x000000f183100000,0x000000f183200000)]
  0x000002c13f16f2c0 JavaThread "Unconstrained build operations Thread 6" [_thread_blocked, id=17100, stack(0x000000f183200000,0x000000f183300000)]
  0x000002c13f16f790 JavaThread "Unconstrained build operations Thread 7" [_thread_blocked, id=17104, stack(0x000000f183300000,0x000000f183400000)]
  0x000002c13f171e10 JavaThread "Unconstrained build operations Thread 8" [_thread_blocked, id=17108, stack(0x000000f183400000,0x000000f183500000)]
  0x000002c13f16b430 JavaThread "Unconstrained build operations Thread 9" [_thread_blocked, id=17112, stack(0x000000f183500000,0x000000f183600000)]
  0x000002c13f16b900 JavaThread "Unconstrained build operations Thread 10" [_thread_blocked, id=16108, stack(0x000000f183600000,0x000000f183700000)]
  0x000002c13f16c2a0 JavaThread "Unconstrained build operations Thread 11" [_thread_blocked, id=7084, stack(0x000000f183700000,0x000000f183800000)]
  0x000002c13f16d110 JavaThread "Unconstrained build operations Thread 12" [_thread_blocked, id=12548, stack(0x000000f183800000,0x000000f183900000)]
  0x000002c13dc7d980 JavaThread "Unconstrained build operations Thread 13" [_thread_blocked, id=16780, stack(0x000000f183900000,0x000000f183a00000)]
  0x000002c13dc79fc0 JavaThread "Unconstrained build operations Thread 14" [_thread_blocked, id=16416, stack(0x000000f183a00000,0x000000f183b00000)]
  0x000002c13dc7cfe0 JavaThread "Unconstrained build operations Thread 15" [_thread_blocked, id=17364, stack(0x000000f183b00000,0x000000f183c00000)]
  0x000002c13dc78c80 JavaThread "Unconstrained build operations Thread 16" [_thread_blocked, id=15920, stack(0x000000f183c00000,0x000000f183d00000)]
  0x000002c13dc79150 JavaThread "Unconstrained build operations Thread 17" [_thread_blocked, id=17336, stack(0x000000f183d00000,0x000000f183e00000)]
  0x000002c13dc7d4b0 JavaThread "Unconstrained build operations Thread 18" [_thread_blocked, id=10004, stack(0x000000f183e00000,0x000000f183f00000)]
  0x000002c13dc77e10 JavaThread "Unconstrained build operations Thread 19" [_thread_blocked, id=17032, stack(0x000000f183f00000,0x000000f184000000)]
  0x000002c13dc7b300 JavaThread "Unconstrained build operations Thread 20" [_thread_blocked, id=17240, stack(0x000000f184000000,0x000000f184100000)]
  0x000002c13dc7ae30 JavaThread "Unconstrained build operations Thread 21" [_thread_blocked, id=13156, stack(0x000000f184100000,0x000000f184200000)]
  0x000002c13dc782e0 JavaThread "Unconstrained build operations Thread 22" [_thread_blocked, id=3732, stack(0x000000f184200000,0x000000f184300000)]
  0x000002c13dc7de50 JavaThread "Unconstrained build operations Thread 23" [_thread_blocked, id=15828, stack(0x000000f184300000,0x000000f184400000)]
  0x000002c13dc7b7d0 JavaThread "Unconstrained build operations Thread 24" [_thread_blocked, id=15504, stack(0x000000f184400000,0x000000f184500000)]
  0x000002c13dc76600 JavaThread "Unconstrained build operations Thread 25" [_thread_blocked, id=15508, stack(0x000000f184500000,0x000000f184600000)]
  0x000002c13dc7c170 JavaThread "Unconstrained build operations Thread 26" [_thread_blocked, id=16896, stack(0x000000f184600000,0x000000f184700000)]
  0x000002c13dc79620 JavaThread "Unconstrained build operations Thread 27" [_thread_blocked, id=16884, stack(0x000000f184700000,0x000000f184800000)]
  0x000002c13dc787b0 JavaThread "Unconstrained build operations Thread 28" [_thread_blocked, id=2524, stack(0x000000f184800000,0x000000f184900000)]
  0x000002c13dc77470 JavaThread "Unconstrained build operations Thread 29" [_thread_blocked, id=16644, stack(0x000000f184900000,0x000000f184a00000)]
  0x000002c13dc7a490 JavaThread "Unconstrained build operations Thread 30" [_thread_blocked, id=17224, stack(0x000000f184a00000,0x000000f184b00000)]
  0x000002c13dc79af0 JavaThread "Unconstrained build operations Thread 31" [_thread_blocked, id=17172, stack(0x000000f184b00000,0x000000f184c00000)]
  0x000002c13dc7bca0 JavaThread "Unconstrained build operations Thread 32" [_thread_blocked, id=16604, stack(0x000000f184c00000,0x000000f184d00000)]
  0x000002c13dc76ad0 JavaThread "Unconstrained build operations Thread 33" [_thread_blocked, id=15460, stack(0x000000f184d00000,0x000000f184e00000)]
  0x000002c13dc7a960 JavaThread "Unconstrained build operations Thread 34" [_thread_blocked, id=16784, stack(0x000000f184e00000,0x000000f184f00000)]
  0x000002c13dc7c640 JavaThread "Unconstrained build operations Thread 35" [_thread_blocked, id=17280, stack(0x000000f184f00000,0x000000f185000000)]
  0x000002c13dc7cb10 JavaThread "Unconstrained build operations Thread 36" [_thread_blocked, id=7688, stack(0x000000f185000000,0x000000f185100000)]
  0x000002c13dc76fa0 JavaThread "Unconstrained build operations Thread 37" [_thread_blocked, id=15592, stack(0x000000f185100000,0x000000f185200000)]
  0x000002c13dc77940 JavaThread "Unconstrained build operations Thread 38" [_thread_blocked, id=2276, stack(0x000000f185200000,0x000000f185300000)]
  0x000002c13e32ac50 JavaThread "Unconstrained build operations Thread 39" [_thread_blocked, id=14168, stack(0x000000f185300000,0x000000f185400000)]
  0x000002c13e327760 JavaThread "Unconstrained build operations Thread 40" [_thread_blocked, id=17232, stack(0x000000f185400000,0x000000f185500000)]
  0x000002c13e325a80 JavaThread "Memory manager" [_thread_blocked, id=6828, stack(0x000000f182700000,0x000000f182800000)]
  0x000002c13e32b120 JavaThread "Cache worker for kotlin-dsl (C:\Users\T00029\.gradle\caches\7.5\kotlin-dsl)" [_thread_blocked, id=4340, stack(0x000000f185500000,0x000000f185600000)]

Other Threads:
  0x000002c13beafdf0 VMThread "VM Thread" [stack: 0x000000f180000000,0x000000f180100000] [id=9284]
  0x000002c13ca88200 WatcherThread [stack: 0x000000f180c00000,0x000000f180d00000] [id=5372]
  0x000002c123c57de0 GCTaskThread "GC Thread#0" [stack: 0x000000f1ffb00000,0x000000f1ffc00000] [id=16204]
  0x000002c13cc97e40 GCTaskThread "GC Thread#1" [stack: 0x000000f180d00000,0x000000f180e00000] [id=15384]
  0x000002c13cf5e220 GCTaskThread "GC Thread#2" [stack: 0x000000f180e00000,0x000000f180f00000] [id=15376]
  0x000002c13d6ba5c0 GCTaskThread "GC Thread#3" [stack: 0x000000f180f00000,0x000000f181000000] [id=16160]
  0x000002c123c64c30 ConcurrentGCThread "G1 Main Marker" [stack: 0x000000f1ffc00000,0x000000f1ffd00000] [id=15412]
  0x000002c123c65550 ConcurrentGCThread "G1 Conc#0" [stack: 0x000000f1ffd00000,0x000000f1ffe00000] [id=15696]
  0x000002c123cdcd00 ConcurrentGCThread "G1 Refine#0" [stack: 0x000000f1ffe00000,0x000000f1fff00000] [id=14536]
  0x000002c123cdd630 ConcurrentGCThread "G1 Service" [stack: 0x000000f1fff00000,0x000000f200000000] [id=11340]

Threads with active compile tasks:
C2 CompilerThread0   632879 8780 %     4       org.gradle.internal.instantiation.generator.AbstractClassGenerator::inspectType @ 107 (560 bytes)

VM state: not at safepoint (normal execution)

VM Mutex/Monitor currently owned by a thread: None

Heap address: 0x00000000a0000000, size: 1536 MB, Compressed Oops mode: 32-bit

CDS archive(s) not mapped
Compressed class space mapped at: 0x0000000100000000-0x0000000140000000, reserved size: 1073741824
Narrow klass base: 0x0000000000000000, Narrow klass shift: 3, Narrow klass range: 0x140000000

GC Precious Log:
 CPUs: 4 total, 4 available
 Memory: 8047M
 Large Page Support: Disabled
 NUMA Support: Disabled
 Compressed Oops: Enabled (32-bit)
 Heap Region Size: 1M
 Heap Min Capacity: 8M
 Heap Initial Capacity: 126M
 Heap Max Capacity: 1536M
 Pre-touch: Disabled
 Parallel Workers: 4
 Concurrent Workers: 1
 Concurrent Refinement Workers: 4
 Periodic GC: Disabled

Heap:
 garbage-first heap   total 132096K, used 93305K [0x00000000a0000000, 0x0000000100000000)
  region size 1024K, 24 young (24576K), 3 survivors (3072K)
 Metaspace       used 73933K, committed 74560K, reserved 1114112K
  class space    used 9657K, committed 9920K, reserved 1048576K

Heap Regions: E=young(eden), S=young(survivor), O=old, HS=humongous(starts), HC=humongous(continues), CS=collection set, F=free, OA=open archive, CA=closed archive, TAMS=top-at-mark-start (previous, next)
|   0|0x00000000a0000000, 0x00000000a0100000, 0x00000000a0100000|100%|HS|  |TAMS 0x00000000a0100000, 0x00000000a0000000| Complete 
|   1|0x00000000a0100000, 0x00000000a0200000, 0x00000000a0200000|100%|HC|  |TAMS 0x00000000a0200000, 0x00000000a0100000| Complete 
|   2|0x00000000a0200000, 0x00000000a0300000, 0x00000000a0300000|100%|HC|  |TAMS 0x00000000a0300000, 0x00000000a0200000| Complete 
|   3|0x00000000a0300000, 0x00000000a0400000, 0x00000000a0400000|100%| O|  |TAMS 0x00000000a0400000, 0x00000000a0300000| Untracked 
|   4|0x00000000a0400000, 0x00000000a0500000, 0x00000000a0500000|100%| O|  |TAMS 0x00000000a0500000, 0x00000000a0400000| Untracked 
|   5|0x00000000a0500000, 0x00000000a0600000, 0x00000000a0600000|100%| O|  |TAMS 0x00000000a0600000, 0x00000000a0500000| Untracked 
|   6|0x00000000a0600000, 0x00000000a0700000, 0x00000000a0700000|100%| O|  |TAMS 0x00000000a0700000, 0x00000000a0600000| Untracked 
|   7|0x00000000a0700000, 0x00000000a0800000, 0x00000000a0800000|100%| O|  |TAMS 0x00000000a0800000, 0x00000000a0700000| Untracked 
|   8|0x00000000a0800000, 0x00000000a0900000, 0x00000000a0900000|100%| O|  |TAMS 0x00000000a0900000, 0x00000000a0800000| Untracked 
|   9|0x00000000a0900000, 0x00000000a0a00000, 0x00000000a0a00000|100%| O|  |TAMS 0x00000000a0a00000, 0x00000000a0900000| Untracked 
|  10|0x00000000a0a00000, 0x00000000a0b00000, 0x00000000a0b00000|100%| O|  |TAMS 0x00000000a0b00000, 0x00000000a0a00000| Untracked 
|  11|0x00000000a0b00000, 0x00000000a0c00000, 0x00000000a0c00000|100%| O|  |TAMS 0x00000000a0c00000, 0x00000000a0b00000| Untracked 
|  12|0x00000000a0c00000, 0x00000000a0d00000, 0x00000000a0d00000|100%| O|  |TAMS 0x00000000a0d00000, 0x00000000a0c00000| Untracked 
|  13|0x00000000a0d00000, 0x00000000a0e00000, 0x00000000a0e00000|100%| O|  |TAMS 0x00000000a0e00000, 0x00000000a0d00000| Untracked 
|  14|0x00000000a0e00000, 0x00000000a0f00000, 0x00000000a0f00000|100%| O|  |TAMS 0x00000000a0f00000, 0x00000000a0e00000| Untracked 
|  15|0x00000000a0f00000, 0x00000000a1000000, 0x00000000a1000000|100%| O|  |TAMS 0x00000000a1000000, 0x00000000a0f00000| Untracked 
|  16|0x00000000a1000000, 0x00000000a1100000, 0x00000000a1100000|100%| O|  |TAMS 0x00000000a1100000, 0x00000000a1000000| Untracked 
|  17|0x00000000a1100000, 0x00000000a1200000, 0x00000000a1200000|100%| O|  |TAMS 0x00000000a1200000, 0x00000000a1100000| Untracked 
|  18|0x00000000a1200000, 0x00000000a1300000, 0x00000000a1300000|100%| O|  |TAMS 0x00000000a1300000, 0x00000000a1200000| Untracked 
|  19|0x00000000a1300000, 0x00000000a1400000, 0x00000000a1400000|100%| O|  |TAMS 0x00000000a1400000, 0x00000000a1300000| Untracked 
|  20|0x00000000a1400000, 0x00000000a1500000, 0x00000000a1500000|100%| O|  |TAMS 0x00000000a1500000, 0x00000000a1400000| Untracked 
|  21|0x00000000a1500000, 0x00000000a1500000, 0x00000000a1600000|  0%| F|  |TAMS 0x00000000a1500000, 0x00000000a1500000| Untracked 
|  22|0x00000000a1600000, 0x00000000a1700000, 0x00000000a1700000|100%| O|  |TAMS 0x00000000a1700000, 0x00000000a1600000| Untracked 
|  23|0x00000000a1700000, 0x00000000a1800000, 0x00000000a1800000|100%| O|  |TAMS 0x00000000a1800000, 0x00000000a1700000| Untracked 
|  24|0x00000000a1800000, 0x00000000a1900000, 0x00000000a1900000|100%| O|  |TAMS 0x00000000a1900000, 0x00000000a1800000| Untracked 
|  25|0x00000000a1900000, 0x00000000a1a00000, 0x00000000a1a00000|100%| O|  |TAMS 0x00000000a1a00000, 0x00000000a1900000| Untracked 
|  26|0x00000000a1a00000, 0x00000000a1b00000, 0x00000000a1b00000|100%| O|  |TAMS 0x00000000a1b00000, 0x00000000a1a00000| Untracked 
|  27|0x00000000a1b00000, 0x00000000a1c00000, 0x00000000a1c00000|100%| O|  |TAMS 0x00000000a1c00000, 0x00000000a1b00000| Untracked 
|  28|0x00000000a1c00000, 0x00000000a1d00000, 0x00000000a1d00000|100%| O|  |TAMS 0x00000000a1d00000, 0x00000000a1c00000| Untracked 
|  29|0x00000000a1d00000, 0x00000000a1e00000, 0x00000000a1e00000|100%| O|  |TAMS 0x00000000a1e00000, 0x00000000a1d00000| Untracked 
|  30|0x00000000a1e00000, 0x00000000a1f00000, 0x00000000a1f00000|100%| O|  |TAMS 0x00000000a1f00000, 0x00000000a1e00000| Untracked 
|  31|0x00000000a1f00000, 0x00000000a2000000, 0x00000000a2000000|100%| O|  |TAMS 0x00000000a2000000, 0x00000000a1f00000| Untracked 
|  32|0x00000000a2000000, 0x00000000a2100000, 0x00000000a2100000|100%| O|  |TAMS 0x00000000a2100000, 0x00000000a2000000| Untracked 
|  33|0x00000000a2100000, 0x00000000a2200000, 0x00000000a2200000|100%|HS|  |TAMS 0x00000000a2200000, 0x00000000a2100000| Complete 
|  34|0x00000000a2200000, 0x00000000a2300000, 0x00000000a2300000|100%|HS|  |TAMS 0x00000000a2300000, 0x00000000a2200000| Complete 
|  35|0x00000000a2300000, 0x00000000a2400000, 0x00000000a2400000|100%| O|  |TAMS 0x00000000a2400000, 0x00000000a2300000| Untracked 
|  36|0x00000000a2400000, 0x00000000a2500000, 0x00000000a2500000|100%|HS|  |TAMS 0x00000000a2500000, 0x00000000a2400000| Complete 
|  37|0x00000000a2500000, 0x00000000a2600000, 0x00000000a2600000|100%| O|  |TAMS 0x00000000a2600000, 0x00000000a2500000| Untracked 
|  38|0x00000000a2600000, 0x00000000a2700000, 0x00000000a2700000|100%| O|  |TAMS 0x00000000a2700000, 0x00000000a2600000| Untracked 
|  39|0x00000000a2700000, 0x00000000a2800000, 0x00000000a2800000|100%|HS|  |TAMS 0x00000000a2800000, 0x00000000a2700000| Complete 
|  40|0x00000000a2800000, 0x00000000a2900000, 0x00000000a2900000|100%|HC|  |TAMS 0x00000000a2900000, 0x00000000a2800000| Complete 
|  41|0x00000000a2900000, 0x00000000a2a00000, 0x00000000a2a00000|100%|HC|  |TAMS 0x00000000a2a00000, 0x00000000a2900000| Complete 
|  42|0x00000000a2a00000, 0x00000000a2b00000, 0x00000000a2b00000|100%|HC|  |TAMS 0x00000000a2b00000, 0x00000000a2a00000| Complete 
|  43|0x00000000a2b00000, 0x00000000a2c00000, 0x00000000a2c00000|100%| O|  |TAMS 0x00000000a2c00000, 0x00000000a2b00000| Untracked 
|  44|0x00000000a2c00000, 0x00000000a2d00000, 0x00000000a2d00000|100%| O|  |TAMS 0x00000000a2d00000, 0x00000000a2c00000| Untracked 
|  45|0x00000000a2d00000, 0x00000000a2e00000, 0x00000000a2e00000|100%| O|  |TAMS 0x00000000a2e00000, 0x00000000a2d00000| Untracked 
|  46|0x00000000a2e00000, 0x00000000a2f00000, 0x00000000a2f00000|100%|HS|  |TAMS 0x00000000a2f00000, 0x00000000a2e00000| Complete 
|  47|0x00000000a2f00000, 0x00000000a3000000, 0x00000000a3000000|100%|HC|  |TAMS 0x00000000a3000000, 0x00000000a2f00000| Complete 
|  48|0x00000000a3000000, 0x00000000a3100000, 0x00000000a3100000|100%| O|  |TAMS 0x00000000a3100000, 0x00000000a3000000| Untracked 
|  49|0x00000000a3100000, 0x00000000a3200000, 0x00000000a3200000|100%| O|  |TAMS 0x00000000a3200000, 0x00000000a3100000| Untracked 
|  50|0x00000000a3200000, 0x00000000a3300000, 0x00000000a3300000|100%| O|  |TAMS 0x00000000a3300000, 0x00000000a3200000| Untracked 
|  51|0x00000000a3300000, 0x00000000a3400000, 0x00000000a3400000|100%| O|  |TAMS 0x00000000a3400000, 0x00000000a3300000| Untracked 
|  52|0x00000000a3400000, 0x00000000a3500000, 0x00000000a3500000|100%| O|  |TAMS 0x00000000a3500000, 0x00000000a3400000| Untracked 
|  53|0x00000000a3500000, 0x00000000a3600000, 0x00000000a3600000|100%| O|  |TAMS 0x00000000a3600000, 0x00000000a3500000| Untracked 
|  54|0x00000000a3600000, 0x00000000a3700000, 0x00000000a3700000|100%| O|  |TAMS 0x00000000a3700000, 0x00000000a3600000| Untracked 
|  55|0x00000000a3700000, 0x00000000a3800000, 0x00000000a3800000|100%| O|  |TAMS 0x00000000a3800000, 0x00000000a3700000| Untracked 
|  56|0x00000000a3800000, 0x00000000a3900000, 0x00000000a3900000|100%| O|  |TAMS 0x00000000a3900000, 0x00000000a3800000| Untracked 
|  57|0x00000000a3900000, 0x00000000a3a00000, 0x00000000a3a00000|100%| O|  |TAMS 0x00000000a3a00000, 0x00000000a3900000| Untracked 
|  58|0x00000000a3a00000, 0x00000000a3b00000, 0x00000000a3b00000|100%| O|  |TAMS 0x00000000a3b00000, 0x00000000a3a00000| Untracked 
|  59|0x00000000a3b00000, 0x00000000a3c00000, 0x00000000a3c00000|100%|HS|  |TAMS 0x00000000a3c00000, 0x00000000a3b00000| Complete 
|  60|0x00000000a3c00000, 0x00000000a3d00000, 0x00000000a3d00000|100%|HS|  |TAMS 0x00000000a3d00000, 0x00000000a3c00000| Complete 
|  61|0x00000000a3d00000, 0x00000000a3e00000, 0x00000000a3e00000|100%| O|  |TAMS 0x00000000a3e00000, 0x00000000a3d00000| Untracked 
|  62|0x00000000a3e00000, 0x00000000a3f00000, 0x00000000a3f00000|100%| O|  |TAMS 0x00000000a3f00000, 0x00000000a3e00000| Untracked 
|  63|0x00000000a3f00000, 0x00000000a4000000, 0x00000000a4000000|100%| O|  |TAMS 0x00000000a4000000, 0x00000000a3f00000| Untracked 
|  64|0x00000000a4000000, 0x00000000a4100000, 0x00000000a4100000|100%| O|  |TAMS 0x00000000a4100000, 0x00000000a4000000| Untracked 
|  65|0x00000000a4100000, 0x00000000a4200000, 0x00000000a4200000|100%| O|  |TAMS 0x00000000a4200000, 0x00000000a4100000| Untracked 
|  66|0x00000000a4200000, 0x00000000a4300000, 0x00000000a4300000|100%| O|  |TAMS 0x00000000a4300000, 0x00000000a4200000| Untracked 
|  67|0x00000000a4300000, 0x00000000a4400000, 0x00000000a4400000|100%| O|  |TAMS 0x00000000a4400000, 0x00000000a4300000| Untracked 
|  68|0x00000000a4400000, 0x00000000a4500000, 0x00000000a4500000|100%| O|  |TAMS 0x00000000a4500000, 0x00000000a4400000| Complete 
|  69|0x00000000a4500000, 0x00000000a451e600, 0x00000000a4600000| 11%| O|  |TAMS 0x00000000a451e600, 0x00000000a4500000| Untracked 
|  70|0x00000000a4600000, 0x00000000a4600000, 0x00000000a4700000|  0%| F|  |TAMS 0x00000000a4600000, 0x00000000a4600000| Untracked 
|  71|0x00000000a4700000, 0x00000000a4700000, 0x00000000a4800000|  0%| F|  |TAMS 0x00000000a4700000, 0x00000000a4700000| Untracked 
|  72|0x00000000a4800000, 0x00000000a4800000, 0x00000000a4900000|  0%| F|  |TAMS 0x00000000a4800000, 0x00000000a4800000| Untracked 
|  73|0x00000000a4900000, 0x00000000a4900000, 0x00000000a4a00000|  0%| F|  |TAMS 0x00000000a4900000, 0x00000000a4900000| Untracked 
|  74|0x00000000a4a00000, 0x00000000a4a00000, 0x00000000a4b00000|  0%| F|  |TAMS 0x00000000a4a00000, 0x00000000a4a00000| Untracked 
|  75|0x00000000a4b00000, 0x00000000a4b00000, 0x00000000a4c00000|  0%| F|  |TAMS 0x00000000a4b00000, 0x00000000a4b00000| Untracked 
|  76|0x00000000a4c00000, 0x00000000a4c00000, 0x00000000a4d00000|  0%| F|  |TAMS 0x00000000a4c00000, 0x00000000a4c00000| Untracked 
|  77|0x00000000a4d00000, 0x00000000a4d00000, 0x00000000a4e00000|  0%| F|  |TAMS 0x00000000a4d00000, 0x00000000a4d00000| Untracked 
|  78|0x00000000a4e00000, 0x00000000a4e00000, 0x00000000a4f00000|  0%| F|  |TAMS 0x00000000a4e00000, 0x00000000a4e00000| Untracked 
|  79|0x00000000a4f00000, 0x00000000a4f00000, 0x00000000a5000000|  0%| F|  |TAMS 0x00000000a4f00000, 0x00000000a4f00000| Untracked 
|  80|0x00000000a5000000, 0x00000000a5000000, 0x00000000a5100000|  0%| F|  |TAMS 0x00000000a5000000, 0x00000000a5000000| Untracked 
|  81|0x00000000a5100000, 0x00000000a5100000, 0x00000000a5200000|  0%| F|  |TAMS 0x00000000a5100000, 0x00000000a5100000| Untracked 
|  82|0x00000000a5200000, 0x00000000a5200000, 0x00000000a5300000|  0%| F|  |TAMS 0x00000000a5200000, 0x00000000a5200000| Untracked 
|  83|0x00000000a5300000, 0x00000000a5300000, 0x00000000a5400000|  0%| F|  |TAMS 0x00000000a5300000, 0x00000000a5300000| Untracked 
|  84|0x00000000a5400000, 0x00000000a5400000, 0x00000000a5500000|  0%| F|  |TAMS 0x00000000a5400000, 0x00000000a5400000| Untracked 
|  85|0x00000000a5500000, 0x00000000a5500000, 0x00000000a5600000|  0%| F|  |TAMS 0x00000000a5500000, 0x00000000a5500000| Untracked 
|  86|0x00000000a5600000, 0x00000000a5600000, 0x00000000a5700000|  0%| F|  |TAMS 0x00000000a5600000, 0x00000000a5600000| Untracked 
|  87|0x00000000a5700000, 0x00000000a5700000, 0x00000000a5800000|  0%| F|  |TAMS 0x00000000a5700000, 0x00000000a5700000| Untracked 
|  88|0x00000000a5800000, 0x00000000a5800000, 0x00000000a5900000|  0%| F|  |TAMS 0x00000000a5800000, 0x00000000a5800000| Untracked 
|  89|0x00000000a5900000, 0x00000000a5900000, 0x00000000a5a00000|  0%| F|  |TAMS 0x00000000a5900000, 0x00000000a5900000| Untracked 
|  90|0x00000000a5a00000, 0x00000000a5a00000, 0x00000000a5b00000|  0%| F|  |TAMS 0x00000000a5a00000, 0x00000000a5a00000| Untracked 
|  91|0x00000000a5b00000, 0x00000000a5b00000, 0x00000000a5c00000|  0%| F|  |TAMS 0x00000000a5b00000, 0x00000000a5b00000| Untracked 
|  92|0x00000000a5c00000, 0x00000000a5c00000, 0x00000000a5d00000|  0%| F|  |TAMS 0x00000000a5c00000, 0x00000000a5c00000| Untracked 
|  93|0x00000000a5d00000, 0x00000000a5d00000, 0x00000000a5e00000|  0%| F|  |TAMS 0x00000000a5d00000, 0x00000000a5d00000| Untracked 
|  94|0x00000000a5e00000, 0x00000000a5e00000, 0x00000000a5f00000|  0%| F|  |TAMS 0x00000000a5e00000, 0x00000000a5e00000| Untracked 
|  95|0x00000000a5f00000, 0x00000000a6000000, 0x00000000a6000000|100%| S|CS|TAMS 0x00000000a5f00000, 0x00000000a5f00000| Complete 
|  96|0x00000000a6000000, 0x00000000a6100000, 0x00000000a6100000|100%| S|CS|TAMS 0x00000000a6000000, 0x00000000a6000000| Complete 
|  97|0x00000000a6100000, 0x00000000a6200000, 0x00000000a6200000|100%| S|CS|TAMS 0x00000000a6100000, 0x00000000a6100000| Complete 
|  98|0x00000000a6200000, 0x00000000a6200000, 0x00000000a6300000|  0%| F|  |TAMS 0x00000000a6200000, 0x00000000a6200000| Untracked 
|  99|0x00000000a6300000, 0x00000000a6300000, 0x00000000a6400000|  0%| F|  |TAMS 0x00000000a6300000, 0x00000000a6300000| Untracked 
| 100|0x00000000a6400000, 0x00000000a6400000, 0x00000000a6500000|  0%| F|  |TAMS 0x00000000a6400000, 0x00000000a6400000| Untracked 
| 101|0x00000000a6500000, 0x00000000a6500000, 0x00000000a6600000|  0%| F|  |TAMS 0x00000000a6500000, 0x00000000a6500000| Untracked 
| 102|0x00000000a6600000, 0x00000000a6600000, 0x00000000a6700000|  0%| F|  |TAMS 0x00000000a6600000, 0x00000000a6600000| Untracked 
| 103|0x00000000a6700000, 0x00000000a6700000, 0x00000000a6800000|  0%| F|  |TAMS 0x00000000a6700000, 0x00000000a6700000| Untracked 
| 104|0x00000000a6800000, 0x00000000a6800000, 0x00000000a6900000|  0%| F|  |TAMS 0x00000000a6800000, 0x00000000a6800000| Untracked 
| 105|0x00000000a6900000, 0x00000000a6900000, 0x00000000a6a00000|  0%| F|  |TAMS 0x00000000a6900000, 0x00000000a6900000| Untracked 
| 106|0x00000000a6a00000, 0x00000000a6a00000, 0x00000000a6b00000|  0%| F|  |TAMS 0x00000000a6a00000, 0x00000000a6a00000| Untracked 
| 107|0x00000000a6b00000, 0x00000000a6b00000, 0x00000000a6c00000|  0%| F|  |TAMS 0x00000000a6b00000, 0x00000000a6b00000| Untracked 
| 108|0x00000000a6c00000, 0x00000000a6c81bf8, 0x00000000a6d00000| 50%| E|  |TAMS 0x00000000a6c00000, 0x00000000a6c00000| Complete 
| 109|0x00000000a6d00000, 0x00000000a6e00000, 0x00000000a6e00000|100%| E|CS|TAMS 0x00000000a6d00000, 0x00000000a6d00000| Complete 
| 110|0x00000000a6e00000, 0x00000000a6f00000, 0x00000000a6f00000|100%| E|CS|TAMS 0x00000000a6e00000, 0x00000000a6e00000| Complete 
| 111|0x00000000a6f00000, 0x00000000a7000000, 0x00000000a7000000|100%| E|CS|TAMS 0x00000000a6f00000, 0x00000000a6f00000| Complete 
| 112|0x00000000a7000000, 0x00000000a7100000, 0x00000000a7100000|100%| E|CS|TAMS 0x00000000a7000000, 0x00000000a7000000| Complete 
| 113|0x00000000a7100000, 0x00000000a7200000, 0x00000000a7200000|100%| E|CS|TAMS 0x00000000a7100000, 0x00000000a7100000| Complete 
| 114|0x00000000a7200000, 0x00000000a7300000, 0x00000000a7300000|100%| E|CS|TAMS 0x00000000a7200000, 0x00000000a7200000| Complete 
| 115|0x00000000a7300000, 0x00000000a7400000, 0x00000000a7400000|100%| E|CS|TAMS 0x00000000a7300000, 0x00000000a7300000| Complete 
| 116|0x00000000a7400000, 0x00000000a7500000, 0x00000000a7500000|100%| E|CS|TAMS 0x00000000a7400000, 0x00000000a7400000| Complete 
| 117|0x00000000a7500000, 0x00000000a7600000, 0x00000000a7600000|100%| E|CS|TAMS 0x00000000a7500000, 0x00000000a7500000| Complete 
| 118|0x00000000a7600000, 0x00000000a7700000, 0x00000000a7700000|100%| E|CS|TAMS 0x00000000a7600000, 0x00000000a7600000| Complete 
| 119|0x00000000a7700000, 0x00000000a7800000, 0x00000000a7800000|100%| E|CS|TAMS 0x00000000a7700000, 0x00000000a7700000| Complete 
| 120|0x00000000a7800000, 0x00000000a7900000, 0x00000000a7900000|100%| E|CS|TAMS 0x00000000a7800000, 0x00000000a7800000| Complete 
| 121|0x00000000a7900000, 0x00000000a7a00000, 0x00000000a7a00000|100%| E|CS|TAMS 0x00000000a7900000, 0x00000000a7900000| Complete 
| 122|0x00000000a7a00000, 0x00000000a7b00000, 0x00000000a7b00000|100%| E|CS|TAMS 0x00000000a7a00000, 0x00000000a7a00000| Complete 
| 123|0x00000000a7b00000, 0x00000000a7c00000, 0x00000000a7c00000|100%| E|CS|TAMS 0x00000000a7b00000, 0x00000000a7b00000| Complete 
| 124|0x00000000a7c00000, 0x00000000a7d00000, 0x00000000a7d00000|100%| E|CS|TAMS 0x00000000a7c00000, 0x00000000a7c00000| Complete 
| 125|0x00000000a7d00000, 0x00000000a7e00000, 0x00000000a7e00000|100%| E|CS|TAMS 0x00000000a7d00000, 0x00000000a7d00000| Complete 
| 126|0x00000000a7e00000, 0x00000000a7f00000, 0x00000000a7f00000|100%| E|CS|TAMS 0x00000000a7e00000, 0x00000000a7e00000| Complete 
| 127|0x00000000a7f00000, 0x00000000a8000000, 0x00000000a8000000|100%| E|CS|TAMS 0x00000000a7f00000, 0x00000000a7f00000| Complete 
| 128|0x00000000a8000000, 0x00000000a8100000, 0x00000000a8100000|100%| E|CS|TAMS 0x00000000a8000000, 0x00000000a8000000| Complete 

Card table byte_map: [0x000002c1363e0000,0x000002c1366e0000] _byte_map_base: 0x000002c135ee0000

Marking Bits (Prev, Next): (CMBitMap*) 0x000002c123c58300, (CMBitMap*) 0x000002c123c58340
 Prev Bits: [0x000002c1369e0000, 0x000002c1381e0000)
 Next Bits: [0x000002c1381e0000, 0x000002c1399e0000)

Polling page: 0x000002c121b90000

Metaspace:

Usage:
  Non-class:     62.77 MB used.
      Class:      9.43 MB used.
       Both:     72.20 MB used.

Virtual space:
  Non-class space:       64.00 MB reserved,      63.12 MB ( 99%) committed,  8 nodes.
      Class space:        1.00 GB reserved,       9.69 MB ( <1%) committed,  1 nodes.
             Both:        1.06 GB reserved,      72.81 MB (  7%) committed. 

Chunk freelists:
   Non-Class:  256.00 KB
       Class:  2.22 MB
        Both:  2.47 MB

MaxMetaspaceSize: unlimited
CompressedClassSpaceSize: 1.00 GB
Initial GC threshold: 21.00 MB
Current GC threshold: 118.69 MB
CDS: off
MetaspaceReclaimPolicy: balanced
 - commit_granule_bytes: 65536.
 - commit_granule_words: 8192.
 - virtual_space_node_default_size: 1048576.
 - enlarge_chunks_in_place: 1.
 - new_chunks_are_fully_committed: 0.
 - uncommit_free_chunks: 1.
 - use_allocation_guard: 0.
 - handle_deallocations: 1.


Internal statistics:

num_allocs_failed_limit: 6.
num_arena_births: 694.
num_arena_deaths: 0.
num_vsnodes_births: 9.
num_vsnodes_deaths: 0.
num_space_committed: 1165.
num_space_uncommitted: 0.
num_chunks_returned_to_freelist: 6.
num_chunks_taken_from_freelist: 3180.
num_chunk_merges: 0.
num_chunk_splits: 2147.
num_chunks_enlarged: 1492.
num_purges: 0.
num_inconsistent_stats: 0.

CodeHeap 'non-profiled nmethods': size=120000Kb used=5083Kb max_used=5083Kb free=114916Kb
 bounds [0x000002c12ebb0000, 0x000002c12f0b0000, 0x000002c1360e0000]
CodeHeap 'profiled nmethods': size=120000Kb used=15842Kb max_used=15842Kb free=104157Kb
 bounds [0x000002c1270e0000, 0x000002c128060000, 0x000002c12e610000]
CodeHeap 'non-nmethods': size=5760Kb used=2356Kb max_used=2444Kb free=3403Kb
 bounds [0x000002c12e610000, 0x000002c12e890000, 0x000002c12ebb0000]
 total_blobs=8811 nmethods=7923 adapters=800
 compilation: enabled
              stopped_count=0, restarted_count=0
 full_count=0

Compilation events (20 events):
Event: 626.587 Thread 0x000002c13c916fa0 nmethod 8770 0x000002c12f0a5010 code [0x000002c12f0a51a0, 0x000002c12f0a5278]
Event: 626.587 Thread 0x000002c13c916fa0 8771       1       com.android.build.gradle.internal.publishing.OutputSpecImpl::getPublishedConfigTypes (5 bytes)
Event: 626.587 Thread 0x000002c13c916fa0 nmethod 8771 0x000002c12f0a5310 code [0x000002c12f0a54a0, 0x000002c12f0a5578]
Event: 626.597 Thread 0x000002c13c916fa0 8772       1       com.google.common.collect.SingletonImmutableList::size (2 bytes)
Event: 626.597 Thread 0x000002c13c916fa0 nmethod 8772 0x000002c12f0a5610 code [0x000002c12f0a57a0, 0x000002c12f0a5878]
Event: 629.347 Thread 0x000002c13c9125d0 8773       4       org.objectweb.asm.Type::getTypeInternal (199 bytes)
Event: 629.355 Thread 0x000002c13c9125d0 nmethod 8773 0x000002c12f0a5910 code [0x000002c12f0a5aa0, 0x000002c12f0a5d38]
Event: 629.453 Thread 0x000002c13c9125d0 8774       4       org.objectweb.asm.SymbolTable::addConstantFieldref (10 bytes)
Event: 629.456 Thread 0x000002c13c9125d0 nmethod 8774 0x000002c12f0a5f90 code [0x000002c12f0a6120, 0x000002c12f0a61c8]
Event: 629.457 Thread 0x000002c13c9125d0 8775       4       org.objectweb.asm.MethodWriter::visitFieldInsn (258 bytes)
Event: 629.468 Thread 0x000002c13c9125d0 nmethod 8775 0x000002c12f0a6290 code [0x000002c12f0a6440, 0x000002c12f0a6768]
Event: 630.531 Thread 0x000002c13c916fa0 8776       1       org.gradle.process.internal.health.memory.OsMemoryStatusSnapshot::getTotalPhysicalMemory (5 bytes)
Event: 630.532 Thread 0x000002c13c916fa0 nmethod 8776 0x000002c12f0a6a90 code [0x000002c12f0a6c20, 0x000002c12f0a6cf8]
Event: 631.789 Thread 0x000002c13c916fa0 8777       3       sun.reflect.generics.parser.SignatureParser::parseSuperInterfaces (51 bytes)
Event: 631.850 Thread 0x000002c13c916fa0 nmethod 8777 0x000002c128057290 code [0x000002c1280574c0, 0x000002c128057d08]
Event: 631.850 Thread 0x000002c13c916fa0 8778       3       sun.reflect.generics.tree.ClassSignature::make (11 bytes)
Event: 631.861 Thread 0x000002c13c916fa0 nmethod 8778 0x000002c128058010 code [0x000002c1280581c0, 0x000002c1280584d8]
Event: 631.861 Thread 0x000002c13c916fa0 8779       3       sun.reflect.generics.tree.ClassSignature::<init> (20 bytes)
Event: 631.862 Thread 0x000002c13c916fa0 nmethod 8779 0x000002c128058610 code [0x000002c1280587c0, 0x000002c128058a38]
Event: 631.963 Thread 0x000002c13c9125d0 8780 %     4       org.gradle.internal.instantiation.generator.AbstractClassGenerator::inspectType @ 107 (560 bytes)

GC Heap History (20 events):
Event: 350.251 GC heap before
{Heap before GC invocations=37 (full 0):
 garbage-first heap   total 99328K, used 59935K [0x00000000a0000000, 0x0000000100000000)
  region size 1024K, 6 young (6144K), 3 survivors (3072K)
 Metaspace       used 66879K, committed 67456K, reserved 1114112K
  class space    used 8641K, committed 8896K, reserved 1048576K
}
Event: 350.294 GC heap after
{Heap after GC invocations=38 (full 0):
 garbage-first heap   total 99328K, used 58512K [0x00000000a0000000, 0x0000000100000000)
  region size 1024K, 2 young (2048K), 2 survivors (2048K)
 Metaspace       used 66879K, committed 67456K, reserved 1114112K
  class space    used 8641K, committed 8896K, reserved 1048576K
}
Event: 365.290 GC heap before
{Heap before GC invocations=39 (full 0):
 garbage-first heap   total 106496K, used 80016K [0x00000000a0000000, 0x0000000100000000)
  region size 1024K, 22 young (22528K), 2 survivors (2048K)
 Metaspace       used 68820K, committed 69376K, reserved 1114112K
  class space    used 8907K, committed 9152K, reserved 1048576K
}
Event: 365.344 GC heap after
{Heap after GC invocations=40 (full 0):
 garbage-first heap   total 106496K, used 59016K [0x00000000a0000000, 0x0000000100000000)
  region size 1024K, 2 young (2048K), 2 survivors (2048K)
 Metaspace       used 68820K, committed 69376K, reserved 1114112K
  class space    used 8907K, committed 9152K, reserved 1048576K
}
Event: 400.846 GC heap before
{Heap before GC invocations=40 (full 0):
 garbage-first heap   total 106496K, used 85640K [0x00000000a0000000, 0x0000000100000000)
  region size 1024K, 28 young (28672K), 2 survivors (2048K)
 Metaspace       used 70220K, committed 70720K, reserved 1114112K
  class space    used 9054K, committed 9280K, reserved 1048576K
}
Event: 401.051 GC heap after
{Heap after GC invocations=41 (full 0):
 garbage-first heap   total 106496K, used 60784K [0x00000000a0000000, 0x0000000100000000)
  region size 1024K, 3 young (3072K), 3 survivors (3072K)
 Metaspace       used 70220K, committed 70720K, reserved 1114112K
  class space    used 9054K, committed 9280K, reserved 1048576K
}
Event: 435.502 GC heap before
{Heap before GC invocations=42 (full 0):
 garbage-first heap   total 107520K, used 70000K [0x00000000a0000000, 0x0000000100000000)
  region size 1024K, 14 young (14336K), 3 survivors (3072K)
 Metaspace       used 70403K, committed 70912K, reserved 1114112K
  class space    used 9089K, committed 9280K, reserved 1048576K
}
Event: 435.916 GC heap after
{Heap after GC invocations=43 (full 0):
 garbage-first heap   total 107520K, used 61475K [0x00000000a0000000, 0x0000000100000000)
  region size 1024K, 3 young (3072K), 3 survivors (3072K)
 Metaspace       used 70403K, committed 70912K, reserved 1114112K
  class space    used 9089K, committed 9280K, reserved 1048576K
}
Event: 497.079 GC heap before
{Heap before GC invocations=44 (full 0):
 garbage-first heap   total 112640K, used 86051K [0x00000000a0000000, 0x0000000100000000)
  region size 1024K, 25 young (25600K), 3 survivors (3072K)
 Metaspace       used 70592K, committed 71104K, reserved 1114112K
  class space    used 9111K, committed 9344K, reserved 1048576K
}
Event: 497.251 GC heap after
{Heap after GC invocations=45 (full 0):
 garbage-first heap   total 112640K, used 68659K [0x00000000a0000000, 0x0000000100000000)
  region size 1024K, 4 young (4096K), 4 survivors (4096K)
 Metaspace       used 70592K, committed 71104K, reserved 1114112K
  class space    used 9111K, committed 9344K, reserved 1048576K
}
Event: 499.219 GC heap before
{Heap before GC invocations=45 (full 0):
 garbage-first heap   total 112640K, used 69683K [0x00000000a0000000, 0x0000000100000000)
  region size 1024K, 5 young (5120K), 4 survivors (4096K)
 Metaspace       used 70611K, committed 71104K, reserved 1114112K
  class space    used 9113K, committed 9344K, reserved 1048576K
}
Event: 499.233 GC heap after
{Heap after GC invocations=46 (full 0):
 garbage-first heap   total 112640K, used 69378K [0x00000000a0000000, 0x0000000100000000)
  region size 1024K, 1 young (1024K), 1 survivors (1024K)
 Metaspace       used 70611K, committed 71104K, reserved 1114112K
  class space    used 9113K, committed 9344K, reserved 1048576K
}
Event: 545.647 GC heap before
{Heap before GC invocations=46 (full 0):
 garbage-first heap   total 112640K, used 90882K [0x00000000a0000000, 0x0000000100000000)
  region size 1024K, 22 young (22528K), 1 survivors (1024K)
 Metaspace       used 71297K, committed 71872K, reserved 1114112K
  class space    used 9236K, committed 9472K, reserved 1048576K
}
Event: 545.848 GC heap after
{Heap after GC invocations=47 (full 0):
 garbage-first heap   total 112640K, used 70333K [0x00000000a0000000, 0x0000000100000000)
  region size 1024K, 2 young (2048K), 2 survivors (2048K)
 Metaspace       used 71297K, committed 71872K, reserved 1114112K
  class space    used 9236K, committed 9472K, reserved 1048576K
}
Event: 577.287 GC heap before
{Heap before GC invocations=48 (full 0):
 garbage-first heap   total 132096K, used 90813K [0x00000000a0000000, 0x0000000100000000)
  region size 1024K, 22 young (22528K), 2 survivors (2048K)
 Metaspace       used 72001K, committed 72576K, reserved 1114112K
  class space    used 9380K, committed 9600K, reserved 1048576K
}
Event: 577.415 GC heap after
{Heap after GC invocations=49 (full 0):
 garbage-first heap   total 132096K, used 70880K [0x00000000a0000000, 0x0000000100000000)
  region size 1024K, 2 young (2048K), 2 survivors (2048K)
 Metaspace       used 72001K, committed 72576K, reserved 1114112K
  class space    used 9380K, committed 9600K, reserved 1048576K
}
Event: 578.127 GC heap before
{Heap before GC invocations=49 (full 0):
 garbage-first heap   total 132096K, used 74976K [0x00000000a0000000, 0x0000000100000000)
  region size 1024K, 6 young (6144K), 2 survivors (2048K)
 Metaspace       used 72001K, committed 72576K, reserved 1114112K
  class space    used 9380K, committed 9600K, reserved 1048576K
}
Event: 578.193 GC heap after
{Heap after GC invocations=50 (full 0):
 garbage-first heap   total 132096K, used 70382K [0x00000000a0000000, 0x0000000100000000)
  region size 1024K, 1 young (1024K), 1 survivors (1024K)
 Metaspace       used 72001K, committed 72576K, reserved 1114112K
  class space    used 9380K, committed 9600K, reserved 1048576K
}
Event: 597.193 GC heap before
{Heap before GC invocations=50 (full 0):
 garbage-first heap   total 132096K, used 101102K [0x00000000a0000000, 0x0000000100000000)
  region size 1024K, 31 young (31744K), 1 survivors (1024K)
 Metaspace       used 72227K, committed 72832K, reserved 1114112K
  class space    used 9416K, committed 9664K, reserved 1048576K
}
Event: 597.341 GC heap after
{Heap after GC invocations=51 (full 0):
 garbage-first heap   total 132096K, used 72825K [0x00000000a0000000, 0x0000000100000000)
  region size 1024K, 3 young (3072K), 3 survivors (3072K)
 Metaspace       used 72227K, committed 72832K, reserved 1114112K
  class space    used 9416K, committed 9664K, reserved 1048576K
}

Dll operation events (2 events):
Event: 0.131 Loaded shared library C:\Program Files\Android\Android Studio\jbr\bin\java.dll
Event: 3.283 Loaded shared library C:\Program Files\Android\Android Studio\jbr\bin\verify.dll

Deoptimization events (20 events):
Event: 577.825 Thread 0x000002c13dbe4d40 DEOPT PACKING pc=0x000002c12f05f3e8 sp=0x000000f1816eef80
Event: 577.826 Thread 0x000002c13dbe4d40 DEOPT UNPACKING pc=0x000002c12e6669a3 sp=0x000000f1816eee80 mode 2
Event: 578.204 Thread 0x000002c13dbe4d40 Uncommon trap: trap_request=0xfffffff4 fr.pc=0x000002c12f0635c0 relative=0x0000000000003c60
Event: 578.204 Thread 0x000002c13dbe4d40 Uncommon trap: reason=null_check action=make_not_entrant pc=0x000002c12f0635c0 method=java.lang.PublicMethods$MethodList.getMostSpecific()Ljava/lang/reflect/Method; @ 41 c2
Event: 578.204 Thread 0x000002c13dbe4d40 DEOPT PACKING pc=0x000002c12f0635c0 sp=0x000000f1816ee960
Event: 578.204 Thread 0x000002c13dbe4d40 DEOPT UNPACKING pc=0x000002c12e6669a3 sp=0x000000f1816ee850 mode 2
Event: 580.199 Thread 0x000002c13dbe4d40 Uncommon trap: trap_request=0xfffffff4 fr.pc=0x000002c12efda99c relative=0x00000000000009fc
Event: 580.199 Thread 0x000002c13dbe4d40 Uncommon trap: reason=null_check action=make_not_entrant pc=0x000002c12efda99c method=com.sun.beans.introspect.MethodInfo$MethodOrder.compare(Ljava/lang/reflect/Method;Ljava/lang/reflect/Method;)I @ 133 c2
Event: 580.199 Thread 0x000002c13dbe4d40 DEOPT PACKING pc=0x000002c12efda99c sp=0x000000f1816ef610
Event: 580.199 Thread 0x000002c13dbe4d40 DEOPT UNPACKING pc=0x000002c12e6669a3 sp=0x000000f1816ef540 mode 2
Event: 580.734 Thread 0x000002c13dbe4d40 Uncommon trap: trap_request=0xfffffff4 fr.pc=0x000002c12f06e404 relative=0x0000000000000b64
Event: 580.734 Thread 0x000002c13dbe4d40 Uncommon trap: reason=null_check action=make_not_entrant pc=0x000002c12f06e404 method=com.sun.beans.introspect.MethodInfo$MethodOrder.compare(Ljava/lang/reflect/Method;Ljava/lang/reflect/Method;)I @ 145 c2
Event: 580.734 Thread 0x000002c13dbe4d40 DEOPT PACKING pc=0x000002c12f06e404 sp=0x000000f1816ef910
Event: 580.734 Thread 0x000002c13dbe4d40 DEOPT UNPACKING pc=0x000002c12e6669a3 sp=0x000000f1816ef840 mode 2
Event: 590.682 Thread 0x000002c13dbe4d40 Uncommon trap: trap_request=0xffffff45 fr.pc=0x000002c12f07050c relative=0x0000000000000a6c
Event: 590.682 Thread 0x000002c13dbe4d40 Uncommon trap: reason=unstable_if action=reinterpret pc=0x000002c12f07050c method=com.sun.beans.introspect.MethodInfo$MethodOrder.compare(Ljava/lang/reflect/Method;Ljava/lang/reflect/Method;)I @ 124 c2
Event: 590.682 Thread 0x000002c13dbe4d40 DEOPT PACKING pc=0x000002c12f07050c sp=0x000000f1816ed7f0
Event: 590.682 Thread 0x000002c13dbe4d40 DEOPT UNPACKING pc=0x000002c12e6669a3 sp=0x000000f1816ed720 mode 2
Event: 592.097 Thread 0x000002c13dbe4d40 DEOPT PACKING pc=0x000002c1277036d9 sp=0x000000f1816eee40
Event: 592.099 Thread 0x000002c13dbe4d40 DEOPT UNPACKING pc=0x000002c12e667143 sp=0x000000f1816ee330 mode 0

Classes unloaded (0 events):
No events

Classes redefined (0 events):
No events

Internal exceptions (20 events):
Event: 595.946 Thread 0x000002c13dbe4d40 Exception <a 'java/lang/ClassNotFoundException'{0x00000000a6378ed0}: org/gradle/api/internal/file/AbstractFileCollectionBeanInfo> (0x00000000a6378ed0) 
thrown [s\src\hotspot\share\classfile\systemDictionary.cpp, line 256]
Event: 596.079 Thread 0x000002c13dbe4d40 Exception <a 'java/lang/ClassNotFoundException'{0x00000000a639d900}: org/gradle/api/internal/file/AbstractFileCollectionCustomizer> (0x00000000a639d900) 
thrown [s\src\hotspot\share\classfile\systemDictionary.cpp, line 256]
Event: 596.287 Thread 0x000002c13dbe4d40 Exception <a 'java/lang/ClassNotFoundException'{0x00000000a63d85d8}: org/gradle/api/internal/artifacts/configurations/DefaultConfigurationCustomizer> (0x00000000a63d85d8) 
thrown [s\src\hotspot\share\classfile\systemDictionary.cpp, line 256]
Event: 596.979 Thread 0x000002c13dbe4d40 Exception <a 'java/lang/ClassNotFoundException'{0x00000000a6262d28}: org/gradle/api/internal/artifacts/configurations/DefaultConfiguration_DecoratedCustomizer> (0x00000000a6262d28) 
thrown [s\src\hotspot\share\classfile\systemDictionary.cpp, line 256]
Event: 598.635 Thread 0x000002c13dbe4d40 Exception <a 'java/lang/ClassNotFoundException'{0x00000000a80cb0c8}: com/android/build/gradle/internal/api/DefaultAndroidSourceSet_DecoratedBeanInfo> (0x00000000a80cb0c8) 
thrown [s\src\hotspot\share\classfile\systemDictionary.cpp, line 256]
Event: 598.641 Thread 0x000002c13dbe4d40 Exception <a 'java/lang/ClassNotFoundException'{0x00000000a80da8b0}: com/android/build/gradle/internal/api/DefaultAndroidSourceSetBeanInfo> (0x00000000a80da8b0) 
thrown [s\src\hotspot\share\classfile\systemDictionary.cpp, line 256]
Event: 598.646 Thread 0x000002c13dbe4d40 Exception <a 'java/lang/ClassNotFoundException'{0x00000000a80ea0b0}: com/android/build/gradle/internal/api/DefaultAndroidSourceSetCustomizer> (0x00000000a80ea0b0) 
thrown [s\src\hotspot\share\classfile\systemDictionary.cpp, line 256]
Event: 598.677 Thread 0x000002c13dbe4d40 Exception <a 'java/lang/ClassNotFoundException'{0x00000000a7f52480}: com/android/build/gradle/internal/api/DefaultAndroidSourceSet_DecoratedCustomizer> (0x00000000a7f52480) 
thrown [s\src\hotspot\share\classfile\systemDictionary.cpp, line 256]
Event: 599.265 Thread 0x000002c13dbe4d40 Exception <a 'java/lang/ClassNotFoundException'{0x00000000a7fd28c8}: com/android/build/gradle/internal/api/DefaultAndroidSourceDirectorySetBeanInfo> (0x00000000a7fd28c8) 
thrown [s\src\hotspot\share\classfile\systemDictionary.cpp, line 256]
Event: 599.285 Thread 0x000002c13dbe4d40 Exception <a 'java/lang/ClassNotFoundException'{0x00000000a7fe2198}: com/android/build/gradle/internal/api/DefaultAndroidSourceDirectorySetCustomizer> (0x00000000a7fe2198) 
thrown [s\src\hotspot\share\classfile\systemDictionary.cpp, line 256]
Event: 599.433 Thread 0x000002c13dbe4d40 Exception <a 'java/lang/ClassNotFoundException'{0x00000000a7d05520}: com/google/common/collect/SingletonImmutableSetBeanInfo> (0x00000000a7d05520) 
thrown [s\src\hotspot\share\classfile\systemDictionary.cpp, line 256]
Event: 599.435 Thread 0x000002c13dbe4d40 Exception <a 'java/lang/ClassNotFoundException'{0x00000000a7d14a28}: com/google/common/collect/ImmutableSetBeanInfo> (0x00000000a7d14a28) 
thrown [s\src\hotspot\share\classfile\systemDictionary.cpp, line 256]
Event: 599.794 Thread 0x000002c13dbe4d40 Exception <a 'java/lang/ClassNotFoundException'{0x00000000a7d23fe0}: com/google/common/collect/ImmutableCollectionBeanInfo> (0x00000000a7d23fe0) 
thrown [s\src\hotspot\share\classfile\systemDictionary.cpp, line 256]
Event: 599.807 Thread 0x000002c13dbe4d40 Exception <a 'java/lang/ClassNotFoundException'{0x00000000a7d335c8}: com/google/common/collect/ImmutableCollectionCustomizer> (0x00000000a7d335c8) 
thrown [s\src\hotspot\share\classfile\systemDictionary.cpp, line 256]
Event: 600.658 Thread 0x000002c13dbe4d40 Exception <a 'java/lang/ClassNotFoundException'{0x00000000a7d69bd0}: com/google/common/collect/ImmutableSetCustomizer> (0x00000000a7d69bd0) 
thrown [s\src\hotspot\share\classfile\systemDictionary.cpp, line 256]
Event: 600.714 Thread 0x000002c13dbe4d40 Exception <a 'java/lang/ClassNotFoundException'{0x00000000a7dadb58}: com/google/common/collect/SingletonImmutableSetCustomizer> (0x00000000a7dadb58) 
thrown [s\src\hotspot\share\classfile\systemDictionary.cpp, line 256]
Event: 602.703 Thread 0x000002c13dbe4d40 Exception <a 'java/lang/ClassNotFoundException'{0x00000000a7cc1118}: com/android/build/gradle/internal/dsl/LintOptions_DecoratedBeanInfo> (0x00000000a7cc1118) 
thrown [s\src\hotspot\share\classfile\systemDictionary.cpp, line 256]
Event: 602.716 Thread 0x000002c13dbe4d40 Exception <a 'java/lang/ClassNotFoundException'{0x00000000a7cd0ac0}: com/android/build/gradle/internal/dsl/LintOptionsBeanInfo> (0x00000000a7cd0ac0) 
thrown [s\src\hotspot\share\classfile\systemDictionary.cpp, line 256]
Event: 602.734 Thread 0x000002c13dbe4d40 Exception <a 'java/lang/ClassNotFoundException'{0x00000000a7ce0198}: com/android/build/gradle/internal/dsl/LintOptionsCustomizer> (0x00000000a7ce0198) 
thrown [s\src\hotspot\share\classfile\systemDictionary.cpp, line 256]
Event: 602.767 Thread 0x000002c13dbe4d40 Exception <a 'java/lang/ClassNotFoundException'{0x00000000a7b2c2b8}: com/android/build/gradle/internal/dsl/LintOptions_DecoratedCustomizer> (0x00000000a7b2c2b8) 
thrown [s\src\hotspot\share\classfile\systemDictionary.cpp, line 256]

VM Operations (20 events):
Event: 603.333 Executing VM operation: Cleanup
Event: 603.608 Executing VM operation: Cleanup done
Event: 607.638 Executing VM operation: Cleanup
Event: 607.638 Executing VM operation: Cleanup done
Event: 609.654 Executing VM operation: Cleanup
Event: 609.688 Executing VM operation: Cleanup done
Event: 612.870 Executing VM operation: HandshakeAllThreads
Event: 612.901 Executing VM operation: HandshakeAllThreads done
Event: 617.935 Executing VM operation: Cleanup
Event: 618.031 Executing VM operation: Cleanup done
Event: 620.051 Executing VM operation: Cleanup
Event: 620.097 Executing VM operation: Cleanup done
Event: 623.120 Executing VM operation: Cleanup
Event: 623.152 Executing VM operation: Cleanup done
Event: 624.155 Executing VM operation: Cleanup
Event: 624.175 Executing VM operation: Cleanup done
Event: 627.199 Executing VM operation: Cleanup
Event: 627.482 Executing VM operation: Cleanup done
Event: 629.493 Executing VM operation: Cleanup
Event: 629.510 Executing VM operation: Cleanup done

Events (20 events):
Event: 532.267 Thread 0x000002c13e32b120 Thread added: 0x000002c13e32b120
Event: 558.139 loading class java/util/stream/ReferencePipeline$4
Event: 558.170 loading class java/util/stream/ReferencePipeline$4 done
Event: 558.173 loading class java/util/function/IntBinaryOperator
Event: 558.175 loading class java/util/function/IntBinaryOperator done
Event: 558.180 loading class java/util/stream/ReduceOps$6
Event: 558.193 loading class java/util/stream/ReduceOps$6 done
Event: 558.195 loading class java/util/stream/ReduceOps$5ReducingSink
Event: 558.207 loading class java/util/stream/ReduceOps$5ReducingSink done
Event: 558.207 loading class java/util/stream/ReferencePipeline$4$1
Event: 558.220 loading class java/util/stream/ReferencePipeline$4$1 done
Event: 580.750 loading class java/beans/IntrospectionException
Event: 580.766 loading class java/beans/IntrospectionException done
Event: 588.381 loading class java/util/AbstractList$ListItr
Event: 588.392 loading class java/util/AbstractList$ListItr done
Event: 629.327 loading class java/util/IdentityHashMap$KeyIterator
Event: 629.407 loading class java/util/IdentityHashMap$IdentityHashMapIterator
Event: 629.429 loading class java/util/IdentityHashMap$IdentityHashMapIterator done
Event: 629.429 loading class java/util/IdentityHashMap$KeyIterator done
Event: 629.486 Thread 0x000002c13e32c460 Thread exited: 0x000002c13e32c460


Dynamic libraries:
0x00007ff73aa10000 - 0x00007ff73aa1a000 	C:\Program Files\Android\Android Studio\jbr\bin\java.exe
0x00007ffe27110000 - 0x00007ffe27305000 	C:\Windows\SYSTEM32\ntdll.dll
0x00007ffe27010000 - 0x00007ffe270ce000 	C:\Windows\System32\KERNEL32.DLL
0x00007ffe24e90000 - 0x00007ffe25159000 	C:\Windows\System32\KERNELBASE.dll
0x00007ffe24b60000 - 0x00007ffe24c60000 	C:\Windows\System32\ucrtbase.dll
0x00007ffe10860000 - 0x00007ffe10877000 	C:\Program Files\Android\Android Studio\jbr\bin\jli.dll
0x00007ffe0f4f0000 - 0x00007ffe0f50b000 	C:\Program Files\Android\Android Studio\jbr\bin\VCRUNTIME140.dll
0x00007ffe25160000 - 0x00007ffe25301000 	C:\Windows\System32\USER32.dll
0x00007ffe24830000 - 0x00007ffe24852000 	C:\Windows\System32\win32u.dll
0x00007ffe26fe0000 - 0x00007ffe2700b000 	C:\Windows\System32\GDI32.dll
0x00007ffe24c60000 - 0x00007ffe24d6b000 	C:\Windows\System32\gdi32full.dll
0x00007ffe249c0000 - 0x00007ffe24a5d000 	C:\Windows\System32\msvcp_win.dll
0x00007ffe169b0000 - 0x00007ffe16c4a000 	C:\Windows\WinSxS\amd64_microsoft.windows.common-controls_6595b64144ccf1df_6.0.19041.1110_none_60b5254171f9507e\COMCTL32.dll
0x00007ffe25b90000 - 0x00007ffe25c2e000 	C:\Windows\System32\msvcrt.dll
0x00007ffe25b00000 - 0x00007ffe25b30000 	C:\Windows\System32\IMM32.DLL
0x00007ffe124b0000 - 0x00007ffe124bc000 	C:\Program Files\Android\Android Studio\jbr\bin\vcruntime140_1.dll
0x00007ffe005d0000 - 0x00007ffe0065d000 	C:\Program Files\Android\Android Studio\jbr\bin\msvcp140.dll
0x00007ffdf4d00000 - 0x00007ffdf596e000 	C:\Program Files\Android\Android Studio\jbr\bin\server\jvm.dll
0x00007ffe26650000 - 0x00007ffe266fc000 	C:\Windows\System32\ADVAPI32.dll
0x00007ffe25a40000 - 0x00007ffe25adb000 	C:\Windows\System32\sechost.dll
0x00007ffe26700000 - 0x00007ffe2682a000 	C:\Windows\System32\RPCRT4.dll
0x00007ffe0e360000 - 0x00007ffe0e369000 	C:\Windows\SYSTEM32\WSOCK32.dll
0x00007ffe263f0000 - 0x00007ffe2645b000 	C:\Windows\System32\WS2_32.dll
0x00007ffe17730000 - 0x00007ffe17757000 	C:\Windows\SYSTEM32\WINMM.dll
0x00007ffe1ae90000 - 0x00007ffe1ae9a000 	C:\Windows\SYSTEM32\VERSION.dll
0x00007ffe22730000 - 0x00007ffe22742000 	C:\Windows\SYSTEM32\kernel.appcore.dll
0x00007ffe109e0000 - 0x00007ffe109ea000 	C:\Program Files\Android\Android Studio\jbr\bin\jimage.dll
0x00007ffe16c90000 - 0x00007ffe16e74000 	C:\Windows\SYSTEM32\DBGHELP.DLL
0x00007ffe16c60000 - 0x00007ffe16c8c000 	C:\Windows\SYSTEM32\dbgcore.DLL
0x00007ffe24dd0000 - 0x00007ffe24e53000 	C:\Windows\System32\bcryptPrimitives.dll
0x00007ffe0f2f0000 - 0x00007ffe0f315000 	C:\Program Files\Android\Android Studio\jbr\bin\java.dll
0x00007ffe0f190000 - 0x00007ffe0f1a8000 	C:\Program Files\Android\Android Studio\jbr\bin\zip.dll
0x00007ffe25c30000 - 0x00007ffe2636f000 	C:\Windows\System32\SHELL32.dll
0x00007ffe22930000 - 0x00007ffe230c0000 	C:\Windows\SYSTEM32\windows.storage.dll
0x00007ffe26bf0000 - 0x00007ffe26f45000 	C:\Windows\System32\combase.dll
0x00007ffe241b0000 - 0x00007ffe241dc000 	C:\Windows\SYSTEM32\Wldp.dll
0x00007ffe265a0000 - 0x00007ffe2664d000 	C:\Windows\System32\SHCORE.dll
0x00007ffe268a0000 - 0x00007ffe268f5000 	C:\Windows\System32\shlwapi.dll
0x00007ffe24770000 - 0x00007ffe2478f000 	C:\Windows\SYSTEM32\profapi.dll
0x00007ffe0eec0000 - 0x00007ffe0eed9000 	C:\Program Files\Android\Android Studio\jbr\bin\net.dll
0x00007ffe1c4d0000 - 0x00007ffe1c5d8000 	C:\Windows\SYSTEM32\WINHTTP.dll
0x00007ffe23f10000 - 0x00007ffe23f7a000 	C:\Windows\system32\mswsock.dll
0x00007ffe0ebf0000 - 0x00007ffe0ec06000 	C:\Program Files\Android\Android Studio\jbr\bin\nio.dll
0x00007ffe0f9b0000 - 0x00007ffe0f9c0000 	C:\Program Files\Android\Android Studio\jbr\bin\verify.dll
0x00007ffe0d220000 - 0x00007ffe0d247000 	C:\Users\T00029\.gradle\native\e1d6ef7f7dcc3fd88c89a11ec53ec762bb8ba0a96d01ffa2cd45eb1d1d8dd5c5\windows-amd64\native-platform.dll
0x00007ffdf8a50000 - 0x00007ffdf8b94000 	C:\Users\T00029\.gradle\native\0d407fdbe67a94daf76414ababcb853783967236a71b16ec16e742cd7a986fd3\windows-amd64\native-platform-file-events.dll
0x00007ffe0f7f0000 - 0x00007ffe0f7f9000 	C:\Program Files\Android\Android Studio\jbr\bin\management.dll
0x00007ffe0f090000 - 0x00007ffe0f09b000 	C:\Program Files\Android\Android Studio\jbr\bin\management_ext.dll
0x00007ffe25310000 - 0x00007ffe25318000 	C:\Windows\System32\PSAPI.DLL
0x00007ffe24100000 - 0x00007ffe24118000 	C:\Windows\SYSTEM32\CRYPTSP.dll
0x00007ffe23890000 - 0x00007ffe238c4000 	C:\Windows\system32\rsaenh.dll
0x00007ffe24e60000 - 0x00007ffe24e87000 	C:\Windows\System32\bcrypt.dll
0x00007ffe24730000 - 0x00007ffe2475e000 	C:\Windows\SYSTEM32\USERENV.dll
0x00007ffe24120000 - 0x00007ffe2412c000 	C:\Windows\SYSTEM32\CRYPTBASE.dll
0x00007ffe23c00000 - 0x00007ffe23c3b000 	C:\Windows\SYSTEM32\IPHLPAPI.DLL
0x00007ffe26890000 - 0x00007ffe26898000 	C:\Windows\System32\NSI.dll
0x00007ffe1fc50000 - 0x00007ffe1fc67000 	C:\Windows\SYSTEM32\dhcpcsvc6.DLL
0x00007ffe1fc30000 - 0x00007ffe1fc4d000 	C:\Windows\SYSTEM32\dhcpcsvc.DLL
0x00007ffe23c40000 - 0x00007ffe23d0c000 	C:\Windows\SYSTEM32\DNSAPI.dll
0x00007ffe0eff0000 - 0x00007ffe0eff7000 	C:\Windows\system32\wshunix.dll

dbghelp: loaded successfully - version: 4.0.5 - missing functions: none
symbol engine: initialized successfully - sym options: 0x614 - pdb path: .;C:\Program Files\Android\Android Studio\jbr\bin;C:\Windows\SYSTEM32;C:\Windows\WinSxS\amd64_microsoft.windows.common-controls_6595b64144ccf1df_6.0.19041.1110_none_60b5254171f9507e;C:\Program Files\Android\Android Studio\jbr\bin\server;C:\Users\T00029\.gradle\native\e1d6ef7f7dcc3fd88c89a11ec53ec762bb8ba0a96d01ffa2cd45eb1d1d8dd5c5\windows-amd64;C:\Users\T00029\.gradle\native\0d407fdbe67a94daf76414ababcb853783967236a71b16ec16e742cd7a986fd3\windows-amd64

VM Arguments:
jvm_args: --add-opens=java.base/java.util=ALL-UNNAMED --add-opens=java.base/java.lang=ALL-UNNAMED --add-opens=java.base/java.lang.invoke=ALL-UNNAMED --add-opens=java.base/java.util=ALL-UNNAMED --add-opens=java.prefs/java.util.prefs=ALL-UNNAMED --add-opens=java.prefs/java.util.prefs=ALL-UNNAMED --add-opens=java.base/java.nio.charset=ALL-UNNAMED --add-opens=java.base/java.net=ALL-UNNAMED --add-opens=java.base/java.util.concurrent.atomic=ALL-UNNAMED -Xmx1536M -Dfile.encoding=windows-1252 -Duser.country=US -Duser.language=en -Duser.variant 
java_command: org.gradle.launcher.daemon.bootstrap.GradleDaemon 7.5
java_class_path (initial): C:\Users\T00029\.gradle\wrapper\dists\gradle-7.5-all\6qsw290k5lz422uaf8jf6m7co\gradle-7.5\lib\gradle-launcher-7.5.jar
Launcher Type: SUN_STANDARD

[Global flags]
     intx CICompilerCount                          = 3                                         {product} {ergonomic}
     uint ConcGCThreads                            = 1                                         {product} {ergonomic}
     uint G1ConcRefinementThreads                  = 4                                         {product} {ergonomic}
   size_t G1HeapRegionSize                         = 1048576                                   {product} {ergonomic}
    uintx GCDrainStackTargetSize                   = 64                                        {product} {ergonomic}
   size_t InitialHeapSize                          = 132120576                                 {product} {ergonomic}
   size_t MarkStackSize                            = 4194304                                   {product} {ergonomic}
   size_t MaxHeapSize                              = 1610612736                                {product} {command line}
   size_t MaxNewSize                               = 965738496                                 {product} {ergonomic}
   size_t MinHeapDeltaBytes                        = 1048576                                   {product} {ergonomic}
   size_t MinHeapSize                              = 8388608                                   {product} {ergonomic}
    uintx NonNMethodCodeHeapSize                   = 5832780                                {pd product} {ergonomic}
    uintx NonProfiledCodeHeapSize                  = 122912730                              {pd product} {ergonomic}
    uintx ProfiledCodeHeapSize                     = 122912730                              {pd product} {ergonomic}
    uintx ReservedCodeCacheSize                    = 251658240                              {pd product} {ergonomic}
     bool SegmentedCodeCache                       = true                                      {product} {ergonomic}
   size_t SoftMaxHeapSize                          = 1610612736                             {manageable} {ergonomic}
     bool UseCompressedClassPointers               = true                           {product lp64_product} {ergonomic}
     bool UseCompressedOops                        = true                           {product lp64_product} {ergonomic}
     bool UseG1GC                                  = true                                      {product} {ergonomic}
     bool UseLargePagesIndividualAllocation        = false                                  {pd product} {ergonomic}

Logging:
Log output configuration:
 #0: stdout all=warning uptime,level,tags
 #1: stderr all=off uptime,level,tags

Environment Variables:
JAVA_HOME=C:\Program Files\Android\Android Studio\jbr
CLASSPATH=C:\Users\T00029\Documents\GitHub\Animation\android\\gradle\wrapper\gradle-wrapper.jar
PATH=C:\Program Files\Android\Android Studio\jbr\bin;C:\y\php;C:\ProgramData\ComposerSetup\bin;C:\WINDOWS\System32\WindowsPowerShell\v1.0\;C:\Windows\System32;C:\Program Files\Git\cmd;C:\Program Files\Git\mingw64\bin;C:\Program Files\Git\usr\bin;C:\Windows\System32\WindowsPowerShell\v1.0\powershell.exe;C:\src\flutter\bin;C:\Users\T00029\AppData\Local\Microsoft\WindowsApps;C:\Users\T00029\AppData\Local\GitHubDesktop\bin;C:\Users\T00029\AppData\Local\Programs\Microsoft VS Code\bin;C:\Program Files\Git\bin\git.exe;C:\Program Files\Git\cmd;C:\Windows\System32;C:\Windows\System32\WindowsPowerShell\v1.0\powershell.exe;C:\src\flutter\bin;;C:\src\flutter\bin\mingit\cmd;C:\src\flutter\bin\mingit\cmd
USERNAME=T00029
OS=Windows_NT
PROCESSOR_IDENTIFIER=Intel64 Family 6 Model 78 Stepping 3, GenuineIntel
TMP=C:\Users\T00029\AppData\Local\Temp
TEMP=C:\Users\T00029\AppData\Local\Temp


JNI global refs:
JNI global refs: 23, weak refs: 1

JNI global refs memory usage: 843, weak refs: 841


---------------  S Y S T E M  ---------------

OS:
 Windows 10 , 64 bit Build 19041 (10.0.19041.1202)
OS uptime: 0 days 3:19 hours

CPU: total 4 (initial active 4) (2 cores per cpu, 2 threads per core) family 6 model 78 stepping 3 microcode 0xec, cx8, cmov, fxsr, ht, mmx, 3dnowpref, sse, sse2, sse3, ssse3, sse4.1, sse4.2, popcnt, lzcnt, tsc, tscinvbit, avx, avx2, aes, erms, clmul, bmi1, bmi2, rtm, adx, fma, vzeroupper, clflush, clflushopt

Memory: 4k page, system-wide physical 8047M (235M free)
TotalPageFile size 32623M (AvailPageFile size 0M)
current process WorkingSet (physical memory assigned to process): 76M, peak: 170M
current process commit charge ("private bytes"): 351M, peak: 357M

vm_info: OpenJDK 64-Bit Server VM (17.0.6+0-b2043.56-10027231) for windows-amd64 JRE (17.0.6+0-b2043.56-10027231), built on Apr 28 2023 00:43:19 by "androidbuild" with MS VC++ 16.10 / 16.11 (VS2019)

END.
